23:16:46.611 [main                     ] DEBUG Logger               - Configured Logger
23:16:46.633 [main                     ] DEBUG GameApplication      - Logging settings
Title: Snake
Version: 1.0
Width: 600
Height: 600
Fullscreen: false
Intro: false
Profiling: false
Single step:false
App Mode: DEVELOPER
Menu Key: ESCAPE
Stage Style: DECORATED
Scene Factory: class com.almasb.fxgl.app.scene.SceneFactory

23:16:46.941 [JavaFX Application Thread] DEBUG FXGLApplication      - Initializing FXGL
23:16:46.946 [JavaFX Application Thread] INFO  Engine               - FXGL-17.3 (30.03.2023 11.49) on WINDOWS (J:17.0.9 FX:17)
23:16:46.946 [JavaFX Application Thread] DEBUG Engine               - JRE Vendor Name: Oracle Corporation
23:16:46.946 [JavaFX Application Thread] DEBUG Engine               - Running on OS: Windows 10 version 10.0
23:16:46.946 [JavaFX Application Thread] DEBUG Engine               - Architecture: amd64
23:16:46.946 [JavaFX Application Thread] INFO  Engine               - Source code and latest versions at: https://github.com/AlmasB/FXGL
23:16:46.947 [JavaFX Application Thread] INFO  Engine               -       Ask questions and discuss at: https://github.com/AlmasB/FXGL/discussions
23:16:46.947 [JavaFX Application Thread] INFO  Engine               -              Join the FXGL chat at: https://gitter.im/AlmasB/FXGL
23:16:47.044 [JavaFX Application Thread] DEBUG PrimaryStageWindow   - Creating a JavaFX scene
23:16:47.085 [JavaFX Application Thread] DEBUG PrimaryStageWindow   - Target settings size: 600.0 x 600.0
23:16:47.085 [JavaFX Application Thread] DEBUG PrimaryStageWindow   - Scaled scene size:    600.0 x 600.0
23:16:47.085 [JavaFX Application Thread] DEBUG PrimaryStageWindow   - Scaled ratio: (1.0, 1.0)
23:16:47.086 [JavaFX Application Thread] DEBUG PrimaryStageWindow   - Set initial scene to FXGLStartupScene
23:16:47.091 [JavaFX Application Thread] DEBUG PrimaryStageWindow   - Opening main window
23:16:47.162 [JavaFX Application Thread] DEBUG PrimaryStageWindow   - Window border size: (14.66668701171875, 37.33331298828125)
23:16:47.162 [JavaFX Application Thread] DEBUG PrimaryStageWindow   - Scaled size: 600.0 x 600.0
23:16:47.162 [JavaFX Application Thread] DEBUG PrimaryStageWindow   - Scaled ratio: (1.0, 1.0)
23:16:47.162 [JavaFX Application Thread] DEBUG PrimaryStageWindow   - Scene size: 600.0 x 600.0
23:16:47.163 [JavaFX Application Thread] DEBUG PrimaryStageWindow   - Stage size: 614.6666870117188 x 637.3333129882812
23:16:47.170 [FXGL Background Thread 1 ] DEBUG Engine               - Initializing environment variables
23:16:47.202 [FXGL Background Thread 1 ] DEBUG FXGLAssetLoaderServi - User app class for loading assets: class org.example.MyGame
23:16:47.203 [FXGL Background Thread 1 ] DEBUG GameApplicationServi - Applying CSS: fxgl_dark.css
23:16:47.203 [FXGL Background Thread 1 ] DEBUG FXGLAssetLoaderServi - Loading from file system: jar:file:/C:/Users/%d0%9f%d0%9a/.m2/repository/com/github/almasb/fxgl/17.3/fxgl-17.3.jar!/fxglassets/ui/css/fxgl_dark.css
23:16:47.237 [FXGL Background Thread 1 ] DEBUG GameApplicationServi - Initializing application scenes
23:16:47.269 [FXGL Background Thread 1 ] DEBUG GameWorld            - Game world initialized
23:16:47.313 [FXGL Background Thread 1 ] DEBUG PhysicsWorld         - Physics world initialized: appHeight=600, physics.ppm=50,0
23:16:47.313 [FXGL Background Thread 1 ] DEBUG PhysicsWorld         - Using strategy: BRUTE_FORCE
23:16:47.318 [FXGL Background Thread 1 ] DEBUG GameScene            - Game scene initialized: 600x600
23:16:47.329 [FXGL Background Thread 1 ] WARN  FXGL.DefaultMenu     - FXGLDefaultMenu is not designed for resolutions < 800x600
23:16:47.330 [FXGL Background Thread 1 ] DEBUG FXGL.DefaultMenu     - createMenuBodyGameMenu()
23:16:47.344 [FXGL Background Thread 1 ] DEBUG FXGL.DefaultMenu     - createOptionsMenu()
23:16:47.353 [FXGL Background Thread 1 ] DEBUG FXGLAssetLoaderServi - Loading from file system: jar:file:/C:/Users/%d0%9f%d0%9a/.m2/repository/com/github/almasb/fxgl/17.3/fxgl-17.3.jar!/fxglassets/textures/particles/smoke.png
23:16:47.432 [FXGL Background Thread 1 ] DEBUG FXGLAssetLoaderServi - Loading from file system: jar:file:/C:/Users/%d0%9f%d0%9a/.m2/repository/com/github/almasb/fxgl/17.3/fxgl-17.3.jar!/fxglassets/textures/particles/trace_horizontal.png
23:16:47.457 [FXGL Background Thread 1 ] DEBUG GameApplicationServi - Application scenes initialized
23:16:47.468 [FXGL Background Thread 1 ] DEBUG SystemBundleService  - Loading FXGL system data
23:16:47.472 [FXGL Background Thread 1 ] DEBUG FileSystemAccess     - Reading from: C:\java_games\snake\system\fxgl.bundle
23:16:47.478 [FXGL Background Thread 1 ] DEBUG SystemBundleService  - Bundle FXGL: {}
23:16:47.478 [FXGL Background Thread 1 ] DEBUG UpdaterService       - Checking for updates
23:16:47.481 [FXGL Background Thread 4 ] DEBUG FXGLApplication      - Loading fonts
23:16:47.481 [FXGL Background Thread 4 ] DEBUG FXGLAssetLoaderServi - Loading from file system: jar:file:/C:/Users/%d0%9f%d0%9a/.m2/repository/com/github/almasb/fxgl/17.3/fxgl-17.3.jar!/fxglassets/ui/fonts/VarelaRound-Regular.ttf
23:16:47.482 [FXGL Background Thread 1 ] DEBUG FXGLApplication      - Loading default localization
23:16:47.482 [FXGL Background Thread 1 ] DEBUG FXGLAssetLoaderServi - Loading from file system: jar:file:/C:/Users/%d0%9f%d0%9a/.m2/repository/com/github/almasb/fxgl/17.3/fxgl-17.3.jar!/fxglassets/languages/english.lang
23:16:47.502 [FXGL Background Thread 1 ] INFO  FXGLApplication      - FXGL initialization took: 0,332 sec
23:16:47.510 [JavaFX Application Thread] DEBUG Input                - Registered new binding: action0 - Right
23:16:47.510 [JavaFX Application Thread] DEBUG Input                - Registered new binding: action1 - Left
23:16:47.511 [JavaFX Application Thread] DEBUG Input                - Registered new binding: action2 - Up
23:16:47.511 [JavaFX Application Thread] DEBUG Input                - Registered new binding: action3 - Down
23:16:47.511 [JavaFX Application Thread] DEBUG FXGLAssetLoaderServi - Loading from file system: jar:file:/C:/Users/%d0%9f%d0%9a/.m2/repository/com/github/almasb/fxgl/17.3/fxgl-17.3.jar!/fxglassets/textures/fxgl_icon.png
23:16:47.527 [FXGL Background Thread 4 ] DEBUG FXGLAssetLoaderServi - Loading from file system: jar:file:/C:/Users/%d0%9f%d0%9a/.m2/repository/com/github/almasb/fxgl/17.3/fxgl-17.3.jar!/fxglassets/ui/fonts/Abel-Regular.ttf
23:16:47.531 [FXGL Background Thread 4 ] DEBUG FXGLAssetLoaderServi - Loading from file system: jar:file:/C:/Users/%d0%9f%d0%9a/.m2/repository/com/github/almasb/fxgl/17.3/fxgl-17.3.jar!/fxglassets/ui/fonts/TerminalLandMono-Regular.otf
23:16:47.534 [JavaFX Application Thread] DEBUG FXGLAssetLoaderServi - Loading from file system: jar:file:/C:/Users/%d0%9f%d0%9a/.m2/repository/com/github/almasb/fxgl/17.3/fxgl-17.3.jar!/fxglassets/textures/fxgl_default_cursor.png
23:16:47.536 [FXGL Background Thread 4 ] DEBUG FXGLAssetLoaderServi - Loading from file system: jar:file:/C:/Users/%d0%9f%d0%9a/.m2/repository/com/github/almasb/fxgl/17.3/fxgl-17.3.jar!/fxglassets/ui/fonts/Courier-Prime.ttf
23:16:47.537 [JavaFX Application Thread] DEBUG Input                - Registered new binding: Screenshot - CTRL+8
23:16:47.538 [JavaFX Application Thread] DEBUG Input                - Registered new binding: System info dump - CTRL+9
23:16:47.538 [JavaFX Application Thread] DEBUG Input                - Registered new binding: Restart - CTRL+R
23:16:47.539 [JavaFX Application Thread] DEBUG Input                - Registered new binding: Toggle Debug Camera - CTRL+7
23:16:47.545 [JavaFX Application Thread] DEBUG LoopRunner           - Starting loop
23:16:47.546 [JavaFX Application Thread] DEBUG LoopRunner           - Initializing JavaFX AnimationTimerLoop
23:16:47.550 [JavaFX Application Thread] DEBUG GameApplicationServi - Starting new game
23:16:47.551 [JavaFX Application Thread] DEBUG Input                - Clearing active input actions
23:16:47.565 [JavaFX Application Thread] DEBUG GameApplicationServi - Removing overlay from FXGLStartupScene and adding to FXGLLoadingScene
23:16:47.565 [JavaFX Application Thread] DEBUG PrimaryStageWindow   - FXGLStartupScene -> FXGLLoadingScene
23:16:47.565 [JavaFX Application Thread] DEBUG GameApplicationServi - Clearing previous game
23:16:47.565 [JavaFX Application Thread] DEBUG GameScene            - Clearing game scene
23:16:47.565 [JavaFX Application Thread] DEBUG GameWorld            - Clearing game world
23:16:47.566 [JavaFX Application Thread] DEBUG PhysicsWorld         - Clearing physics world
23:16:47.569 [FXGL Background Thread 4 ] DEBUG FXGLApplication      - Initializing game
23:16:47.569 [JavaFX Application Thread] DEBUG FXGLApplication      - Registering font factories with UI factory
23:16:47.587 [FXGL Background Thread 4 ] INFO  FXGLApplication      - Game initialization took: 0,018 sec
23:16:47.631 [JavaFX Application Thread] DEBUG Input                - Clearing active input actions
23:16:47.635 [JavaFX Application Thread] DEBUG GameApplicationServi - Removing overlay from FXGLLoadingScene and adding to GameScene
23:16:47.636 [JavaFX Application Thread] DEBUG PrimaryStageWindow   - FXGLLoadingScene -> GameScene
23:16:48.316 [FXGL Background Thread 2 ] INFO  UpdaterService       - Your current version:  17.3
23:16:48.316 [FXGL Background Thread 2 ] INFO  UpdaterService       - Latest stable version: 25
23:16:50.251 [JavaFX Application Thread] DEBUG FXGLApplication      - Exiting FXGL
23:16:50.251 [JavaFX Application Thread] DEBUG LoopRunner           - Stopping loop
23:16:50.251 [JavaFX Application Thread] DEBUG SystemBundleService  - Saving FXGL system data
23:16:50.253 [JavaFX Application Thread] DEBUG FileSystemAccess     - Writing to: C:\java_games\snake\system\fxgl.bundle
23:16:50.255 [JavaFX Application Thread] DEBUG Async                - Shutting down background threads
23:16:50.255 [JavaFX Application Thread] DEBUG PrimaryStageWindow   - Closing main window
23:16:50.262 [JavaFX Application Thread] DEBUG Logger               - Closing Logger
