23:21:14.357 [main                     ] DEBUG Logger               - Configured Logger
23:21:14.379 [main                     ] DEBUG GameApplication      - Logging settings
Title: Snake
Version: 1.0
Width: 600
Height: 600
Fullscreen: false
Intro: false
Profiling: false
Single step:false
App Mode: DEVELOPER
Menu Key: ESCAPE
Stage Style: DECORATED
Scene Factory: class com.almasb.fxgl.app.scene.SceneFactory

23:21:14.670 [JavaFX Application Thread] DEBUG FXGLApplication      - Initializing FXGL
23:21:14.675 [JavaFX Application Thread] INFO  Engine               - FXGL-17.3 (30.03.2023 11.49) on WINDOWS (J:17.0.9 FX:17)
23:21:14.675 [JavaFX Application Thread] DEBUG Engine               - JRE Vendor Name: Oracle Corporation
23:21:14.675 [JavaFX Application Thread] DEBUG Engine               - Running on OS: Windows 10 version 10.0
23:21:14.676 [JavaFX Application Thread] DEBUG Engine               - Architecture: amd64
23:21:14.676 [JavaFX Application Thread] INFO  Engine               - Source code and latest versions at: https://github.com/AlmasB/FXGL
23:21:14.676 [JavaFX Application Thread] INFO  Engine               -       Ask questions and discuss at: https://github.com/AlmasB/FXGL/discussions
23:21:14.676 [JavaFX Application Thread] INFO  Engine               -              Join the FXGL chat at: https://gitter.im/AlmasB/FXGL
23:21:14.771 [JavaFX Application Thread] DEBUG PrimaryStageWindow   - Creating a JavaFX scene
23:21:14.808 [JavaFX Application Thread] DEBUG PrimaryStageWindow   - Target settings size: 600.0 x 600.0
23:21:14.809 [JavaFX Application Thread] DEBUG PrimaryStageWindow   - Scaled scene size:    600.0 x 600.0
23:21:14.809 [JavaFX Application Thread] DEBUG PrimaryStageWindow   - Scaled ratio: (1.0, 1.0)
23:21:14.809 [JavaFX Application Thread] DEBUG PrimaryStageWindow   - Set initial scene to FXGLStartupScene
23:21:14.815 [JavaFX Application Thread] DEBUG PrimaryStageWindow   - Opening main window
23:21:14.890 [JavaFX Application Thread] DEBUG PrimaryStageWindow   - Window border size: (14.66668701171875, 37.33331298828125)
23:21:14.890 [JavaFX Application Thread] DEBUG PrimaryStageWindow   - Scaled size: 600.0 x 600.0
23:21:14.890 [JavaFX Application Thread] DEBUG PrimaryStageWindow   - Scaled ratio: (1.0, 1.0)
23:21:14.890 [JavaFX Application Thread] DEBUG PrimaryStageWindow   - Scene size: 600.0 x 600.0
23:21:14.891 [JavaFX Application Thread] DEBUG PrimaryStageWindow   - Stage size: 614.6666870117188 x 637.3333129882812
23:21:14.900 [FXGL Background Thread 1 ] DEBUG Engine               - Initializing environment variables
23:21:14.934 [FXGL Background Thread 1 ] DEBUG FXGLAssetLoaderServi - User app class for loading assets: class org.example.MyGame
23:21:14.934 [FXGL Background Thread 1 ] DEBUG GameApplicationServi - Applying CSS: fxgl_dark.css
23:21:14.935 [FXGL Background Thread 1 ] DEBUG FXGLAssetLoaderServi - Loading from file system: jar:file:/C:/Users/%d0%9f%d0%9a/.m2/repository/com/github/almasb/fxgl/17.3/fxgl-17.3.jar!/fxglassets/ui/css/fxgl_dark.css
23:21:14.969 [FXGL Background Thread 1 ] DEBUG GameApplicationServi - Initializing application scenes
23:21:15.001 [FXGL Background Thread 1 ] DEBUG GameWorld            - Game world initialized
23:21:15.046 [FXGL Background Thread 1 ] DEBUG PhysicsWorld         - Physics world initialized: appHeight=600, physics.ppm=50,0
23:21:15.047 [FXGL Background Thread 1 ] DEBUG PhysicsWorld         - Using strategy: BRUTE_FORCE
23:21:15.051 [FXGL Background Thread 1 ] DEBUG GameScene            - Game scene initialized: 600x600
23:21:15.064 [FXGL Background Thread 1 ] WARN  FXGL.DefaultMenu     - FXGLDefaultMenu is not designed for resolutions < 800x600
23:21:15.064 [FXGL Background Thread 1 ] DEBUG FXGL.DefaultMenu     - createMenuBodyGameMenu()
23:21:15.079 [FXGL Background Thread 1 ] DEBUG FXGL.DefaultMenu     - createOptionsMenu()
23:21:15.089 [FXGL Background Thread 1 ] DEBUG FXGLAssetLoaderServi - Loading from file system: jar:file:/C:/Users/%d0%9f%d0%9a/.m2/repository/com/github/almasb/fxgl/17.3/fxgl-17.3.jar!/fxglassets/textures/particles/smoke.png
23:21:15.169 [FXGL Background Thread 1 ] DEBUG FXGLAssetLoaderServi - Loading from file system: jar:file:/C:/Users/%d0%9f%d0%9a/.m2/repository/com/github/almasb/fxgl/17.3/fxgl-17.3.jar!/fxglassets/textures/particles/trace_horizontal.png
23:21:15.201 [FXGL Background Thread 1 ] DEBUG GameApplicationServi - Application scenes initialized
23:21:15.211 [FXGL Background Thread 1 ] DEBUG SystemBundleService  - Loading FXGL system data
23:21:15.216 [FXGL Background Thread 1 ] DEBUG FileSystemAccess     - Reading from: C:\java_games\snake\system\fxgl.bundle
23:21:15.222 [FXGL Background Thread 1 ] DEBUG SystemBundleService  - Bundle FXGL: {}
23:21:15.222 [FXGL Background Thread 1 ] DEBUG UpdaterService       - Checking for updates
23:21:15.225 [FXGL Background Thread 4 ] DEBUG FXGLApplication      - Loading fonts
23:21:15.226 [FXGL Background Thread 4 ] DEBUG FXGLAssetLoaderServi - Loading from file system: jar:file:/C:/Users/%d0%9f%d0%9a/.m2/repository/com/github/almasb/fxgl/17.3/fxgl-17.3.jar!/fxglassets/ui/fonts/VarelaRound-Regular.ttf
23:21:15.226 [FXGL Background Thread 1 ] DEBUG FXGLApplication      - Loading default localization
23:21:15.226 [FXGL Background Thread 1 ] DEBUG FXGLAssetLoaderServi - Loading from file system: jar:file:/C:/Users/%d0%9f%d0%9a/.m2/repository/com/github/almasb/fxgl/17.3/fxgl-17.3.jar!/fxglassets/languages/english.lang
23:21:15.242 [FXGL Background Thread 1 ] INFO  FXGLApplication      - FXGL initialization took: 0,342 sec
23:21:15.250 [JavaFX Application Thread] DEBUG Input                - Registered new binding: action0 - Right
23:21:15.250 [JavaFX Application Thread] DEBUG Input                - Registered new binding: action1 - Left
23:21:15.251 [JavaFX Application Thread] DEBUG Input                - Registered new binding: action2 - Up
23:21:15.251 [JavaFX Application Thread] DEBUG Input                - Registered new binding: action3 - Down
23:21:15.252 [JavaFX Application Thread] DEBUG FXGLAssetLoaderServi - Loading from file system: jar:file:/C:/Users/%d0%9f%d0%9a/.m2/repository/com/github/almasb/fxgl/17.3/fxgl-17.3.jar!/fxglassets/textures/fxgl_icon.png
23:21:15.273 [FXGL Background Thread 4 ] DEBUG FXGLAssetLoaderServi - Loading from file system: jar:file:/C:/Users/%d0%9f%d0%9a/.m2/repository/com/github/almasb/fxgl/17.3/fxgl-17.3.jar!/fxglassets/ui/fonts/Abel-Regular.ttf
23:21:15.278 [FXGL Background Thread 4 ] DEBUG FXGLAssetLoaderServi - Loading from file system: jar:file:/C:/Users/%d0%9f%d0%9a/.m2/repository/com/github/almasb/fxgl/17.3/fxgl-17.3.jar!/fxglassets/ui/fonts/TerminalLandMono-Regular.otf
23:21:15.278 [JavaFX Application Thread] DEBUG FXGLAssetLoaderServi - Loading from file system: jar:file:/C:/Users/%d0%9f%d0%9a/.m2/repository/com/github/almasb/fxgl/17.3/fxgl-17.3.jar!/fxglassets/textures/fxgl_default_cursor.png
23:21:15.283 [FXGL Background Thread 4 ] DEBUG FXGLAssetLoaderServi - Loading from file system: jar:file:/C:/Users/%d0%9f%d0%9a/.m2/repository/com/github/almasb/fxgl/17.3/fxgl-17.3.jar!/fxglassets/ui/fonts/Courier-Prime.ttf
23:21:15.283 [JavaFX Application Thread] DEBUG Input                - Registered new binding: Screenshot - CTRL+8
23:21:15.285 [JavaFX Application Thread] DEBUG Input                - Registered new binding: System info dump - CTRL+9
23:21:15.285 [JavaFX Application Thread] DEBUG Input                - Registered new binding: Restart - CTRL+R
23:21:15.287 [JavaFX Application Thread] DEBUG Input                - Registered new binding: Toggle Debug Camera - CTRL+7
23:21:15.293 [JavaFX Application Thread] DEBUG LoopRunner           - Starting loop
23:21:15.293 [JavaFX Application Thread] DEBUG LoopRunner           - Initializing JavaFX AnimationTimerLoop
23:21:15.296 [JavaFX Application Thread] DEBUG GameApplicationServi - Starting new game
23:21:15.297 [JavaFX Application Thread] DEBUG Input                - Clearing active input actions
23:21:15.309 [JavaFX Application Thread] DEBUG GameApplicationServi - Removing overlay from FXGLStartupScene and adding to FXGLLoadingScene
23:21:15.309 [JavaFX Application Thread] DEBUG PrimaryStageWindow   - FXGLStartupScene -> FXGLLoadingScene
23:21:15.309 [JavaFX Application Thread] DEBUG GameApplicationServi - Clearing previous game
23:21:15.309 [JavaFX Application Thread] DEBUG GameScene            - Clearing game scene
23:21:15.309 [JavaFX Application Thread] DEBUG GameWorld            - Clearing game world
23:21:15.309 [JavaFX Application Thread] DEBUG PhysicsWorld         - Clearing physics world
23:21:15.312 [JavaFX Application Thread] DEBUG FXGLApplication      - Registering font factories with UI factory
23:21:15.316 [FXGL Background Thread 4 ] WARN  FXGLAssetLoaderServi - Asset "/assets/music/sounds/music.mp3" was not found!
23:21:15.316 [FXGL Background Thread 4 ] WARN  FXGLAssetLoaderServi - Failed to load MUSIC
23:21:15.321 [FXGL Background Thread 4 ] DEBUG AudioPlayer          - Playing music com.almasb.fxgl.audio.Music@d06b333
23:21:15.340 [FXGL Background Thread 4 ] INFO  FXGLApplication      - Game initialization took: 0,028 sec
23:21:15.368 [JavaFX Application Thread] DEBUG Input                - Clearing active input actions
23:21:15.373 [JavaFX Application Thread] DEBUG GameApplicationServi - Removing overlay from FXGLLoadingScene and adding to GameScene
23:21:15.373 [JavaFX Application Thread] DEBUG PrimaryStageWindow   - FXGLLoadingScene -> GameScene
23:21:16.023 [FXGL Background Thread 2 ] INFO  UpdaterService       - Your current version:  17.3
23:21:16.023 [FXGL Background Thread 2 ] INFO  UpdaterService       - Latest stable version: 25
23:21:17.346 [JavaFX Application Thread] DEBUG FXGLApplication      - Exiting FXGL
23:21:17.346 [JavaFX Application Thread] DEBUG LoopRunner           - Stopping loop
23:21:17.346 [JavaFX Application Thread] DEBUG SystemBundleService  - Saving FXGL system data
23:21:17.349 [JavaFX Application Thread] DEBUG FileSystemAccess     - Writing to: C:\java_games\snake\system\fxgl.bundle
23:21:17.350 [JavaFX Application Thread] DEBUG Async                - Shutting down background threads
23:21:17.350 [JavaFX Application Thread] DEBUG PrimaryStageWindow   - Closing main window
23:21:17.359 [JavaFX Application Thread] DEBUG Logger               - Closing Logger
