14:29:38.652 [main                     ] DEBUG Logger               - Configured Logger
14:29:38.671 [main                     ] DEBUG GameApplication      - Logging settings
Title: Snake
Version: 1.0
Width: 600
Height: 600
Fullscreen: false
Intro: false
Profiling: false
Single step:false
App Mode: DEVELOPER
Menu Key: ESCAPE
Stage Style: DECORATED
Scene Factory: class org.example.ui.MySceneFactory

14:29:38.993 [JavaFX Application Thread] DEBUG FXGLApplication      - Initializing FXGL
14:29:38.997 [JavaFX Application Thread] INFO  Engine               - FXGL-17.3 (30.03.2023 11.49) on WINDOWS (J:17.0.8.1 FX:17.0.10)
14:29:38.998 [JavaFX Application Thread] DEBUG Engine               - JRE Vendor Name: Amazon.com Inc.
14:29:38.998 [JavaFX Application Thread] DEBUG Engine               - Running on OS: Windows 10 version 10.0
14:29:38.998 [JavaFX Application Thread] DEBUG Engine               - Architecture: amd64
14:29:38.998 [JavaFX Application Thread] INFO  Engine               - Source code and latest versions at: https://github.com/AlmasB/FXGL
14:29:38.998 [JavaFX Application Thread] INFO  Engine               -       Ask questions and discuss at: https://github.com/AlmasB/FXGL/discussions
14:29:38.999 [JavaFX Application Thread] INFO  Engine               -              Join the FXGL chat at: https://gitter.im/AlmasB/FXGL
14:29:39.062 [JavaFX Application Thread] DEBUG PrimaryStageWindow   - Creating a JavaFX scene
14:29:39.109 [JavaFX Application Thread] DEBUG PrimaryStageWindow   - Target settings size: 600.0 x 600.0
14:29:39.110 [JavaFX Application Thread] DEBUG PrimaryStageWindow   - Scaled scene size:    600.0 x 600.0
14:29:39.110 [JavaFX Application Thread] DEBUG PrimaryStageWindow   - Scaled ratio: (1.0, 1.0)
14:29:39.110 [JavaFX Application Thread] DEBUG PrimaryStageWindow   - Set initial scene to FXGLStartupScene
14:29:39.116 [JavaFX Application Thread] DEBUG PrimaryStageWindow   - Opening main window
14:29:39.200 [JavaFX Application Thread] DEBUG PrimaryStageWindow   - Window border size: (14.66668701171875, 37.33331298828125)
14:29:39.200 [JavaFX Application Thread] DEBUG PrimaryStageWindow   - Scaled size: 600.0 x 600.0
14:29:39.201 [JavaFX Application Thread] DEBUG PrimaryStageWindow   - Scaled ratio: (1.0, 1.0)
14:29:39.201 [JavaFX Application Thread] DEBUG PrimaryStageWindow   - Scene size: 600.0 x 600.0
14:29:39.201 [JavaFX Application Thread] DEBUG PrimaryStageWindow   - Stage size: 614.6666870117188 x 637.3333129882812
14:29:39.208 [FXGL Background Thread 1 ] DEBUG Engine               - Initializing environment variables
14:29:39.240 [FXGL Background Thread 1 ] DEBUG FXGLAssetLoaderServi - User app class for loading assets: class org.example.Application
14:29:39.240 [FXGL Background Thread 1 ] DEBUG GameApplicationServi - Applying CSS: fxgl_dark.css
14:29:39.240 [FXGL Background Thread 1 ] DEBUG FXGLAssetLoaderServi - Loading from file system: jar:file:/C:/java_games_snake/out/artifacts/snake_jar/snake.jar!/fxglassets/ui/css/fxgl_dark.css
14:29:39.271 [FXGL Background Thread 1 ] DEBUG GameApplicationServi - Initializing application scenes
14:29:39.298 [FXGL Background Thread 1 ] DEBUG GameWorld            - Game world initialized
14:29:39.334 [FXGL Background Thread 1 ] DEBUG PhysicsWorld         - Physics world initialized: appHeight=600, physics.ppm=50,0
14:29:39.334 [FXGL Background Thread 1 ] DEBUG PhysicsWorld         - Using strategy: BRUTE_FORCE
14:29:39.338 [FXGL Background Thread 1 ] DEBUG GameScene            - Game scene initialized: 600x600
14:29:39.340 [FXGL Background Thread 1 ] DEBUG FXGLAssetLoaderServi - Loading from file system: jar:file:/C:/java_games_snake/out/artifacts/snake_jar/snake.jar!/assets/music/snake.mp3
14:29:39.514 [FXGL Background Thread 1 ] DEBUG AudioPlayer          - Playing music com.almasb.fxgl.audio.Music@2f691680
14:29:39.529 [FXGL Background Thread 1 ] DEBUG GameApplicationServi - Application scenes initialized
14:29:39.551 [FXGL Background Thread 1 ] DEBUG SystemBundleService  - Loading default FXGL system data
14:29:39.551 [FXGL Background Thread 1 ] DEBUG UpdaterService       - Checking for updates
14:29:39.555 [FXGL Background Thread 4 ] DEBUG FXGLApplication      - Loading fonts
14:29:39.556 [FXGL Background Thread 4 ] DEBUG FXGLAssetLoaderServi - Loading from file system: jar:file:/C:/java_games_snake/out/artifacts/snake_jar/snake.jar!/fxglassets/ui/fonts/VarelaRound-Regular.ttf
14:29:39.556 [FXGL Background Thread 1 ] DEBUG FXGLApplication      - Loading default localization
14:29:39.557 [FXGL Background Thread 1 ] DEBUG FXGLAssetLoaderServi - Loading from file system: jar:file:/C:/java_games_snake/out/artifacts/snake_jar/snake.jar!/fxglassets/languages/english.lang
14:29:39.582 [FXGL Background Thread 1 ] INFO  FXGLApplication      - FXGL initialization took: 0,374 sec
14:29:39.594 [JavaFX Application Thread] DEBUG Input                - Registered new binding: action0 - Right
14:29:39.595 [JavaFX Application Thread] DEBUG Input                - Registered new binding: action1 - Left
14:29:39.596 [JavaFX Application Thread] DEBUG Input                - Registered new binding: action2 - Up
14:29:39.596 [JavaFX Application Thread] DEBUG Input                - Registered new binding: action3 - Down
14:29:39.597 [JavaFX Application Thread] DEBUG FXGLAssetLoaderServi - Loading from file system: jar:file:/C:/java_games_snake/out/artifacts/snake_jar/snake.jar!/fxglassets/textures/fxgl_icon.png
14:29:39.640 [FXGL Background Thread 4 ] DEBUG FXGLAssetLoaderServi - Loading from file system: jar:file:/C:/java_games_snake/out/artifacts/snake_jar/snake.jar!/fxglassets/ui/fonts/Abel-Regular.ttf
14:29:39.646 [JavaFX Application Thread] DEBUG FXGLAssetLoaderServi - Loading from file system: jar:file:/C:/java_games_snake/out/artifacts/snake_jar/snake.jar!/fxglassets/textures/fxgl_default_cursor.png
14:29:39.650 [JavaFX Application Thread] DEBUG Input                - Registered new binding: Screenshot - CTRL+8
14:29:39.650 [JavaFX Application Thread] DEBUG Input                - Registered new binding: System info dump - CTRL+9
14:29:39.651 [FXGL Background Thread 4 ] DEBUG FXGLAssetLoaderServi - Loading from file system: jar:file:/C:/java_games_snake/out/artifacts/snake_jar/snake.jar!/fxglassets/ui/fonts/TerminalLandMono-Regular.otf
14:29:39.651 [JavaFX Application Thread] DEBUG Input                - Registered new binding: Restart - CTRL+R
14:29:39.652 [JavaFX Application Thread] DEBUG Input                - Registered new binding: Toggle Debug Camera - CTRL+7
14:29:39.655 [JavaFX Application Thread] DEBUG LoopRunner           - Starting loop
14:29:39.655 [JavaFX Application Thread] DEBUG LoopRunner           - Initializing JavaFX AnimationTimerLoop
14:29:39.656 [JavaFX Application Thread] DEBUG GameApplicationServi - Starting new game
14:29:39.656 [JavaFX Application Thread] DEBUG Input                - Clearing active input actions
14:29:39.660 [FXGL Background Thread 4 ] DEBUG FXGLAssetLoaderServi - Loading from file system: jar:file:/C:/java_games_snake/out/artifacts/snake_jar/snake.jar!/fxglassets/ui/fonts/Courier-Prime.ttf
14:29:39.665 [JavaFX Application Thread] DEBUG GameApplicationServi - Removing overlay from FXGLStartupScene and adding to FXGLLoadingScene
14:29:39.666 [JavaFX Application Thread] DEBUG PrimaryStageWindow   - FXGLStartupScene -> FXGLLoadingScene
14:29:39.666 [JavaFX Application Thread] DEBUG GameApplicationServi - Clearing previous game
14:29:39.666 [JavaFX Application Thread] DEBUG GameScene            - Clearing game scene
14:29:39.666 [JavaFX Application Thread] DEBUG GameWorld            - Clearing game world
14:29:39.666 [JavaFX Application Thread] DEBUG PhysicsWorld         - Clearing physics world
14:29:39.668 [FXGL Background Thread 1 ] DEBUG FXGLApplication      - Initializing game
14:29:39.673 [FXGL Background Thread 1 ] DEBUG FXGLAssetLoaderServi - Loading from file system: jar:file:/C:/java_games_snake/out/artifacts/snake_jar/snake.jar!/assets/textures/grass.png
14:29:39.714 [JavaFX Application Thread] DEBUG FXGLApplication      - Registering font factories with UI factory
14:29:39.716 [FXGL Background Thread 1 ] DEBUG AudioPlayer          - Playing music com.almasb.fxgl.audio.Music@2f691680
14:29:39.725 [FXGL Background Thread 1 ] INFO  FXGLApplication      - Game initialization took: 0,057 sec
14:29:39.760 [JavaFX Application Thread] DEBUG Input                - Clearing active input actions
14:29:39.766 [JavaFX Application Thread] DEBUG GameApplicationServi - Removing overlay from FXGLLoadingScene and adding to GameScene
14:29:39.767 [JavaFX Application Thread] DEBUG PrimaryStageWindow   - FXGLLoadingScene -> GameScene
14:29:40.273 [FXGL Background Thread 2 ] INFO  UpdaterService       - Your current version:  17.3
14:29:40.274 [FXGL Background Thread 2 ] INFO  UpdaterService       - Latest stable version: 25
14:29:41.981 [JavaFX Application Thread] DEBUG PrimaryStageWindow   - Push state: MyPauseMenu
14:29:41.982 [JavaFX Application Thread] DEBUG Input                - Clearing active input actions
14:29:41.986 [JavaFX Application Thread] DEBUG GameApplicationServi - Removing overlay from GameScene and adding to MyPauseMenu
14:29:41.986 [JavaFX Application Thread] DEBUG PrimaryStageWindow   - GameScene -> MyPauseMenu
14:29:42.556 [FXGL Background Thread 3 ] DEBUG Engine               - Logging environment variables
14:29:42.556 [FXGL Background Thread 3 ] DEBUG Engine               - achievements: []
14:29:42.556 [FXGL Background Thread 3 ] DEBUG Engine               - actualHeight: 600.0
14:29:42.556 [FXGL Background Thread 3 ] DEBUG Engine               - actualHeightProperty: ReadOnlyDoubleProperty [value: 600.0]
14:29:42.556 [FXGL Background Thread 3 ] DEBUG Engine               - actualWidth: 600.0
14:29:42.557 [FXGL Background Thread 3 ] DEBUG Engine               - actualWidthProperty: ReadOnlyDoubleProperty [value: 600.0]
14:29:42.557 [FXGL Background Thread 3 ] DEBUG Engine               - appIcon: fxgl_icon.png
14:29:42.557 [FXGL Background Thread 3 ] DEBUG Engine               - applicationMode: DEVELOPER
14:29:42.557 [FXGL Background Thread 3 ] DEBUG Engine               - cSSList: [fxgl_dark.css]
14:29:42.557 [FXGL Background Thread 3 ] DEBUG Engine               - collisionDetectionStrategy: BRUTE_FORCE
14:29:42.557 [FXGL Background Thread 3 ] DEBUG Engine               - configClass: Optional.empty
14:29:42.557 [FXGL Background Thread 3 ] DEBUG Engine               - credits: []
14:29:42.559 [FXGL Background Thread 3 ] DEBUG Engine               - defaultCursor: CursorInfo(imageName=fxgl_default_cursor.png, hotspotX=7.0, hotspotY=6.0)
14:29:42.559 [FXGL Background Thread 3 ] DEBUG Engine               - devBBoxColorProperty: ObjectProperty [value: 0xff0000ff]
14:29:42.559 [FXGL Background Thread 3 ] DEBUG Engine               - devEnableDebugCameraProperty: BooleanProperty [value: false]
14:29:42.559 [FXGL Background Thread 3 ] DEBUG Engine               - devSensorColorProperty: ObjectProperty [value: 0xffff00ff]
14:29:42.559 [FXGL Background Thread 3 ] DEBUG Engine               - devShowBBoxProperty: BooleanProperty [value: false]
14:29:42.559 [FXGL Background Thread 3 ] DEBUG Engine               - devShowPositionProperty: BooleanProperty [value: false]
14:29:42.559 [FXGL Background Thread 3 ] DEBUG Engine               - enabledMenuItems: []
14:29:42.559 [FXGL Background Thread 3 ] DEBUG Engine               - engineServices: [class com.almasb.fxgl.app.services.FXGLAssetLoaderService, class com.almasb.fxgl.app.FXGLApplication$GameApplicationService, class com.almasb.fxgl.app.services.FXGLDialogService, class com.almasb.fxgl.app.services.IOTaskExecutorService, class com.almasb.fxgl.io.FileSystemService, class com.almasb.fxgl.localization.LocalizationService, class com.almasb.fxgl.app.services.SystemBundleService, class com.almasb.fxgl.profile.SaveLoadService, class com.almasb.fxgl.ui.FXGLUIFactoryServiceProvider, class com.almasb.fxgl.ui.FXGLDialogFactoryServiceProvider, class com.almasb.fxgl.audio.AudioPlayer, class com.almasb.fxgl.notification.impl.NotificationServiceProvider, class com.almasb.fxgl.achievement.AchievementService, class com.almasb.fxgl.cutscene.CutsceneService, class com.almasb.fxgl.minigames.MiniGameService, class com.almasb.fxgl.net.NetService, class com.almasb.fxgl.app.services.UpdaterService, class com.almasb.fxgl.dev.DevService]
14:29:42.559 [FXGL Background Thread 3 ] DEBUG Engine               - fontGame: Abel-Regular.ttf
14:29:42.559 [FXGL Background Thread 3 ] DEBUG Engine               - fontMono: TerminalLandMono-Regular.otf
14:29:42.559 [FXGL Background Thread 3 ] DEBUG Engine               - fontSizeScaleUI: 1.0
14:29:42.560 [FXGL Background Thread 3 ] DEBUG Engine               - fontText: Courier-Prime.ttf
14:29:42.560 [FXGL Background Thread 3 ] DEBUG Engine               - fontUI: VarelaRound-Regular.ttf
14:29:42.560 [FXGL Background Thread 3 ] DEBUG Engine               - fullScreen: BooleanProperty [value: false]
14:29:42.560 [FXGL Background Thread 3 ] DEBUG Engine               - gameDifficulty: MEDIUM
14:29:42.560 [FXGL Background Thread 3 ] DEBUG Engine               - gameDifficultyProperty: ObjectProperty [value: MEDIUM]
14:29:42.560 [FXGL Background Thread 3 ] DEBUG Engine               - globalMusicVolume: 0.5
14:29:42.560 [FXGL Background Thread 3 ] DEBUG Engine               - globalMusicVolumeProperty: DoubleProperty [value: 0.5]
14:29:42.560 [FXGL Background Thread 3 ] DEBUG Engine               - globalSoundVolume: 0.5
14:29:42.560 [FXGL Background Thread 3 ] DEBUG Engine               - globalSoundVolumeProperty: DoubleProperty [value: 0.5]
14:29:42.560 [FXGL Background Thread 3 ] DEBUG Engine               - height: 600
14:29:42.560 [FXGL Background Thread 3 ] DEBUG Engine               - is3D: false
14:29:42.560 [FXGL Background Thread 3 ] DEBUG Engine               - isAndroid: false
14:29:42.560 [FXGL Background Thread 3 ] DEBUG Engine               - isBrowser: false
14:29:42.560 [FXGL Background Thread 3 ] DEBUG Engine               - isClickFeedbackEnabled: false
14:29:42.560 [FXGL Background Thread 3 ] DEBUG Engine               - isCloseConfirmation: false
14:29:42.560 [FXGL Background Thread 3 ] DEBUG Engine               - isDesktop: true
14:29:42.560 [FXGL Background Thread 3 ] DEBUG Engine               - isDeveloperMenuEnabled: false
14:29:42.560 [FXGL Background Thread 3 ] DEBUG Engine               - isEmbedded: false
14:29:42.560 [FXGL Background Thread 3 ] DEBUG Engine               - isEntityPreloadEnabled: true
14:29:42.560 [FXGL Background Thread 3 ] DEBUG Engine               - isExperimentalTiledLargeMap: false
14:29:42.560 [FXGL Background Thread 3 ] DEBUG Engine               - isFileSystemWriteAllowed: true
14:29:42.560 [FXGL Background Thread 3 ] DEBUG Engine               - isFullScreenAllowed: false
14:29:42.560 [FXGL Background Thread 3 ] DEBUG Engine               - isFullScreenFromStart: false
14:29:42.560 [FXGL Background Thread 3 ] DEBUG Engine               - isGameMenuEnabled: true
14:29:42.561 [FXGL Background Thread 3 ] DEBUG Engine               - isIOS: false
14:29:42.561 [FXGL Background Thread 3 ] DEBUG Engine               - isIntroEnabled: false
14:29:42.561 [FXGL Background Thread 3 ] DEBUG Engine               - isLinux: false
14:29:42.561 [FXGL Background Thread 3 ] DEBUG Engine               - isMac: false
14:29:42.561 [FXGL Background Thread 3 ] DEBUG Engine               - isMainMenuEnabled: false
14:29:42.561 [FXGL Background Thread 3 ] DEBUG Engine               - isManualResizeEnabled: false
14:29:42.561 [FXGL Background Thread 3 ] DEBUG Engine               - isMobile: false
14:29:42.561 [FXGL Background Thread 3 ] DEBUG Engine               - isNative: false
14:29:42.561 [FXGL Background Thread 3 ] DEBUG Engine               - isPauseMusicWhenMinimized: true
14:29:42.561 [FXGL Background Thread 3 ] DEBUG Engine               - isPreserveResizeRatio: false
14:29:42.561 [FXGL Background Thread 3 ] DEBUG Engine               - isProfilingEnabled: false
14:29:42.561 [FXGL Background Thread 3 ] DEBUG Engine               - isScaleAffectedOnResize: true
14:29:42.561 [FXGL Background Thread 3 ] DEBUG Engine               - isSingleStep: false
14:29:42.561 [FXGL Background Thread 3 ] DEBUG Engine               - isUserProfileEnabled: false
14:29:42.561 [FXGL Background Thread 3 ] DEBUG Engine               - isWindows: true
14:29:42.561 [FXGL Background Thread 3 ] DEBUG Engine               - language: ObjectProperty [value: ENGLISH]
14:29:42.561 [FXGL Background Thread 3 ] DEBUG Engine               - menuKey: ESCAPE
14:29:42.561 [FXGL Background Thread 3 ] DEBUG Engine               - mouseSensitivity: 0.2
14:29:42.561 [FXGL Background Thread 3 ] DEBUG Engine               - notificationViewClass: class com.almasb.fxgl.notification.view.XboxNotificationView
14:29:42.561 [FXGL Background Thread 3 ] DEBUG Engine               - pixelsPerMeter: 50.0
14:29:42.561 [FXGL Background Thread 3 ] DEBUG Engine               - platform: WINDOWS
14:29:42.561 [FXGL Background Thread 3 ] DEBUG Engine               - prefHeightProperty: ReadOnlyDoubleProperty [value: 600.0]
14:29:42.561 [FXGL Background Thread 3 ] DEBUG Engine               - prefWidthProperty: ReadOnlyDoubleProperty [value: 600.0]
14:29:42.561 [FXGL Background Thread 3 ] DEBUG Engine               - profileDir: profiles/
14:29:42.562 [FXGL Background Thread 3 ] DEBUG Engine               - profileName: StringProperty [value: DEFAULT]
14:29:42.562 [FXGL Background Thread 3 ] DEBUG Engine               - randomSeed: -1
14:29:42.562 [FXGL Background Thread 3 ] DEBUG Engine               - runtimeInfo: RuntimeInfo(platform=WINDOWS, version=17.3, build=30.03.2023 11.49)
14:29:42.562 [FXGL Background Thread 3 ] DEBUG Engine               - saveFileExt: sav
14:29:42.562 [FXGL Background Thread 3 ] DEBUG Engine               - scaledHeightProp$fxgl: DoubleProperty [bound, value: 600.0]
14:29:42.562 [FXGL Background Thread 3 ] DEBUG Engine               - scaledWidthProp$fxgl: DoubleProperty [bound, value: 600.0]
14:29:42.562 [FXGL Background Thread 3 ] DEBUG Engine               - sceneFactory: org.example.ui.MySceneFactory@3c71de7e
14:29:42.562 [FXGL Background Thread 3 ] DEBUG Engine               - secondsIn24h: 60
14:29:42.562 [FXGL Background Thread 3 ] DEBUG Engine               - soundMenuBack: menu/back.wav
14:29:42.562 [FXGL Background Thread 3 ] DEBUG Engine               - soundMenuPress: menu/press.wav
14:29:42.562 [FXGL Background Thread 3 ] DEBUG Engine               - soundMenuSelect: menu/select.wav
14:29:42.562 [FXGL Background Thread 3 ] DEBUG Engine               - soundNotification: core/notification.wav
14:29:42.562 [FXGL Background Thread 3 ] DEBUG Engine               - stageStyle: DECORATED
14:29:42.562 [FXGL Background Thread 3 ] DEBUG Engine               - supportedLanguages: [ENGLISH, FRENCH, GERMAN, HUNGARIAN, RUSSIAN]
14:29:42.562 [FXGL Background Thread 3 ] DEBUG Engine               - ticksPerSecond: -1
14:29:42.562 [FXGL Background Thread 3 ] DEBUG Engine               - title: Snake
14:29:42.562 [FXGL Background Thread 3 ] DEBUG Engine               - urlGithub: https://github.com/AlmasB/FXGL
14:29:42.562 [FXGL Background Thread 3 ] DEBUG Engine               - urlLeaderboard: http://fxgl-top.herokuapp.com/
14:29:42.562 [FXGL Background Thread 3 ] DEBUG Engine               - urlPOM: https://raw.githubusercontent.com/AlmasB/FXGL/release/README.md
14:29:42.562 [FXGL Background Thread 3 ] DEBUG Engine               - userAppClass: class org.example.Application
14:29:42.562 [FXGL Background Thread 3 ] DEBUG Engine               - version: 1.0
14:29:42.562 [FXGL Background Thread 3 ] DEBUG Engine               - versionCheckDays: 7
14:29:42.562 [FXGL Background Thread 3 ] DEBUG Engine               - width: 600
14:29:42.562 [FXGL Background Thread 3 ] DEBUG Engine               - Logging services
14:29:42.562 [FXGL Background Thread 3 ] DEBUG Engine               - class com.almasb.fxgl.app.services.FXGLAssetLoaderService
14:29:42.563 [FXGL Background Thread 3 ] DEBUG Engine               - class com.almasb.fxgl.app.FXGLApplication$GameApplicationService
14:29:42.563 [FXGL Background Thread 3 ] DEBUG Engine               - class com.almasb.fxgl.app.services.FXGLDialogService
14:29:42.563 [FXGL Background Thread 3 ] DEBUG Engine               - class com.almasb.fxgl.app.services.IOTaskExecutorService
14:29:42.563 [FXGL Background Thread 3 ] DEBUG Engine               - class com.almasb.fxgl.io.FileSystemService
14:29:42.563 [FXGL Background Thread 3 ] DEBUG Engine               - class com.almasb.fxgl.localization.LocalizationService
14:29:42.563 [FXGL Background Thread 3 ] DEBUG Engine               - class com.almasb.fxgl.app.services.SystemBundleService
14:29:42.563 [FXGL Background Thread 3 ] DEBUG Engine               - class com.almasb.fxgl.profile.SaveLoadService
14:29:42.563 [FXGL Background Thread 3 ] DEBUG Engine               - class com.almasb.fxgl.ui.FXGLUIFactoryServiceProvider
14:29:42.563 [FXGL Background Thread 3 ] DEBUG Engine               - class com.almasb.fxgl.ui.FXGLDialogFactoryServiceProvider
14:29:42.563 [FXGL Background Thread 3 ] DEBUG Engine               - class com.almasb.fxgl.audio.AudioPlayer
14:29:42.563 [FXGL Background Thread 3 ] DEBUG Engine               - class com.almasb.fxgl.notification.impl.NotificationServiceProvider
14:29:42.563 [FXGL Background Thread 3 ] DEBUG Engine               - class com.almasb.fxgl.achievement.AchievementService
14:29:42.563 [FXGL Background Thread 3 ] DEBUG Engine               - class com.almasb.fxgl.cutscene.CutsceneService
14:29:42.563 [FXGL Background Thread 3 ] DEBUG Engine               - class com.almasb.fxgl.minigames.MiniGameService
14:29:42.563 [FXGL Background Thread 3 ] DEBUG Engine               - class com.almasb.fxgl.net.NetService
14:29:42.563 [FXGL Background Thread 3 ] DEBUG Engine               - class com.almasb.fxgl.app.services.UpdaterService
14:29:42.563 [FXGL Background Thread 3 ] DEBUG Engine               - class com.almasb.fxgl.dev.DevService
14:29:48.074 [JavaFX Application Thread] DEBUG Menu                 - fireResume()
14:29:48.075 [JavaFX Application Thread] DEBUG PrimaryStageWindow   - Pop state: MyPauseMenu
14:29:48.075 [JavaFX Application Thread] DEBUG Input                - Clearing active input actions
14:29:48.075 [JavaFX Application Thread] DEBUG GameApplicationServi - Removing overlay from MyPauseMenu and adding to GameScene
14:29:48.075 [JavaFX Application Thread] DEBUG PrimaryStageWindow   - GameScene <- MyPauseMenu
14:29:50.701 [JavaFX Application Thread] DEBUG FXGLAssetLoaderServi - Loading from file system: jar:file:/C:/java_games_snake/out/artifacts/snake_jar/snake.jar!/assets/textures/apple.png
14:29:50.710 [JavaFX Application Thread] DEBUG FXGLAssetLoaderServi - Loading from file system: jar:file:/C:/java_games_snake/out/artifacts/snake_jar/snake.jar!/assets/textures/cactus.png
14:30:01.502 [JavaFX Application Thread] DEBUG PrimaryStageWindow   - Push state: DialogSubScene
14:30:01.502 [JavaFX Application Thread] DEBUG Input                - Clearing active input actions
14:30:01.503 [JavaFX Application Thread] DEBUG GameApplicationServi - Removing overlay from GameScene and adding to DialogSubScene
14:30:01.503 [JavaFX Application Thread] DEBUG PrimaryStageWindow   - GameScene -> DialogSubScene
14:30:03.327 [JavaFX Application Thread] DEBUG PrimaryStageWindow   - Pop state: DialogSubScene
14:30:03.327 [JavaFX Application Thread] DEBUG Input                - Clearing active input actions
14:30:03.327 [JavaFX Application Thread] DEBUG GameApplicationServi - Removing overlay from DialogSubScene and adding to GameScene
14:30:03.327 [JavaFX Application Thread] DEBUG PrimaryStageWindow   - GameScene <- DialogSubScene
14:30:03.327 [JavaFX Application Thread] DEBUG GameApplicationServi - Starting new game
14:30:03.327 [JavaFX Application Thread] DEBUG Input                - Clearing active input actions
14:30:03.334 [JavaFX Application Thread] DEBUG GameApplicationServi - Removing overlay from GameScene and adding to FXGLLoadingScene
14:30:03.334 [JavaFX Application Thread] DEBUG PrimaryStageWindow   - GameScene -> FXGLLoadingScene
14:30:03.334 [JavaFX Application Thread] DEBUG GameApplicationServi - Clearing previous game
14:30:03.334 [JavaFX Application Thread] DEBUG GameScene            - Clearing game scene
14:30:03.334 [JavaFX Application Thread] DEBUG GameWorld            - Clearing game world
14:30:03.334 [JavaFX Application Thread] DEBUG PhysicsWorld         - Clearing physics world
14:30:03.334 [FXGL Background Thread 2 ] DEBUG FXGLApplication      - Initializing game
14:30:03.335 [FXGL Background Thread 2 ] DEBUG AudioPlayer          - Playing music com.almasb.fxgl.audio.Music@2f691680
14:30:03.335 [FXGL Background Thread 2 ] INFO  FXGLApplication      - Game initialization took: 0,001 sec
14:30:03.337 [JavaFX Application Thread] DEBUG Input                - Clearing active input actions
14:30:03.342 [JavaFX Application Thread] DEBUG GameApplicationServi - Removing overlay from FXGLLoadingScene and adding to GameScene
14:30:03.343 [JavaFX Application Thread] DEBUG PrimaryStageWindow   - FXGLLoadingScene -> GameScene
14:30:33.510 [JavaFX Application Thread] DEBUG PrimaryStageWindow   - Push state: MyPauseMenu
14:30:33.510 [JavaFX Application Thread] DEBUG Input                - Clearing active input actions
14:30:33.512 [JavaFX Application Thread] DEBUG GameApplicationServi - Removing overlay from GameScene and adding to MyPauseMenu
14:30:33.512 [JavaFX Application Thread] DEBUG PrimaryStageWindow   - GameScene -> MyPauseMenu
14:30:44.665 [JavaFX Application Thread] DEBUG Menu                 - fireResume()
14:30:44.666 [JavaFX Application Thread] DEBUG PrimaryStageWindow   - Pop state: MyPauseMenu
14:30:44.666 [JavaFX Application Thread] DEBUG Input                - Clearing active input actions
14:30:44.666 [JavaFX Application Thread] DEBUG GameApplicationServi - Removing overlay from MyPauseMenu and adding to GameScene
14:30:44.666 [JavaFX Application Thread] DEBUG PrimaryStageWindow   - GameScene <- MyPauseMenu
14:30:45.835 [JavaFX Application Thread] DEBUG PrimaryStageWindow   - Push state: DialogSubScene
14:30:45.835 [JavaFX Application Thread] DEBUG Input                - Clearing active input actions
14:30:45.835 [JavaFX Application Thread] DEBUG GameApplicationServi - Removing overlay from GameScene and adding to DialogSubScene
14:30:45.835 [JavaFX Application Thread] DEBUG PrimaryStageWindow   - GameScene -> DialogSubScene
14:30:47.499 [JavaFX Application Thread] DEBUG PrimaryStageWindow   - Pop state: DialogSubScene
14:30:47.499 [JavaFX Application Thread] DEBUG Input                - Clearing active input actions
14:30:47.499 [JavaFX Application Thread] DEBUG GameApplicationServi - Removing overlay from DialogSubScene and adding to GameScene
14:30:47.499 [JavaFX Application Thread] DEBUG PrimaryStageWindow   - GameScene <- DialogSubScene
14:30:47.499 [JavaFX Application Thread] DEBUG GameApplicationServi - Starting new game
14:30:47.499 [JavaFX Application Thread] DEBUG Input                - Clearing active input actions
14:30:47.502 [JavaFX Application Thread] DEBUG GameApplicationServi - Removing overlay from GameScene and adding to FXGLLoadingScene
14:30:47.502 [JavaFX Application Thread] DEBUG PrimaryStageWindow   - GameScene -> FXGLLoadingScene
14:30:47.502 [JavaFX Application Thread] DEBUG GameApplicationServi - Clearing previous game
14:30:47.502 [JavaFX Application Thread] DEBUG GameScene            - Clearing game scene
14:30:47.502 [JavaFX Application Thread] DEBUG GameWorld            - Clearing game world
14:30:47.502 [JavaFX Application Thread] DEBUG PhysicsWorld         - Clearing physics world
14:30:47.503 [FXGL Background Thread 2 ] DEBUG FXGLApplication      - Initializing game
14:30:47.503 [FXGL Background Thread 2 ] DEBUG AudioPlayer          - Playing music com.almasb.fxgl.audio.Music@2f691680
14:30:47.503 [FXGL Background Thread 2 ] INFO  FXGLApplication      - Game initialization took: 0,001 sec
14:30:47.504 [JavaFX Application Thread] DEBUG Input                - Clearing active input actions
14:30:47.506 [JavaFX Application Thread] DEBUG GameApplicationServi - Removing overlay from FXGLLoadingScene and adding to GameScene
14:30:47.506 [JavaFX Application Thread] DEBUG PrimaryStageWindow   - FXGLLoadingScene -> GameScene
14:30:49.742 [JavaFX Application Thread] DEBUG FXGLApplication      - Exiting FXGL
14:30:49.742 [JavaFX Application Thread] DEBUG LoopRunner           - Stopping loop
14:30:49.742 [JavaFX Application Thread] DEBUG SystemBundleService  - Saving FXGL system data
14:30:49.746 [JavaFX Application Thread] DEBUG FileSystemAccess     - Writing to: C:\java_games_snake\out\artifacts\snake_jar\system\fxgl.bundle
14:30:49.753 [JavaFX Application Thread] DEBUG Async                - Shutting down background threads
14:30:49.753 [JavaFX Application Thread] DEBUG PrimaryStageWindow   - Closing main window
14:30:49.762 [JavaFX Application Thread] DEBUG Logger               - Closing Logger
