00:51:34.522 [main                     ] DEBUG Logger               - Configured Logger
00:51:34.576 [main                     ] DEBUG GameApplication      - Logging settings
Title: Snake
Version: 1.0
Width: 600
Height: 600
Fullscreen: false
Intro: false
Profiling: false
Single step:false
App Mode: DEVELOPER
Menu Key: ESCAPE
Stage Style: DECORATED
Scene Factory: class com.almasb.fxgl.app.scene.SceneFactory

00:51:35.287 [JavaFX Application Thread] DEBUG FXGLApplication      - Initializing FXGL
00:51:35.301 [JavaFX Application Thread] INFO  Engine               - FXGL-17.3 (30.03.2023 11.49) on WINDOWS (J:17.0.9 FX:17)
00:51:35.302 [JavaFX Application Thread] DEBUG Engine               - JRE Vendor Name: Oracle Corporation
00:51:35.303 [JavaFX Application Thread] DEBUG Engine               - Running on OS: Windows 10 version 10.0
00:51:35.303 [JavaFX Application Thread] DEBUG Engine               - Architecture: amd64
00:51:35.304 [JavaFX Application Thread] INFO  Engine               - Source code and latest versions at: https://github.com/AlmasB/FXGL
00:51:35.304 [JavaFX Application Thread] INFO  Engine               -       Ask questions and discuss at: https://github.com/AlmasB/FXGL/discussions
00:51:35.304 [JavaFX Application Thread] INFO  Engine               -              Join the FXGL chat at: https://gitter.im/AlmasB/FXGL
00:51:35.544 [JavaFX Application Thread] DEBUG PrimaryStageWindow   - Creating a JavaFX scene
00:51:35.633 [JavaFX Application Thread] DEBUG PrimaryStageWindow   - Target settings size: 600.0 x 600.0
00:51:35.634 [JavaFX Application Thread] DEBUG PrimaryStageWindow   - Scaled scene size:    600.0 x 600.0
00:51:35.634 [JavaFX Application Thread] DEBUG PrimaryStageWindow   - Scaled ratio: (1.0, 1.0)
00:51:35.636 [JavaFX Application Thread] DEBUG PrimaryStageWindow   - Set initial scene to FXGLStartupScene
00:51:35.649 [JavaFX Application Thread] DEBUG PrimaryStageWindow   - Opening main window
00:51:35.787 [JavaFX Application Thread] DEBUG PrimaryStageWindow   - Window border size: (14.66668701171875, 37.33331298828125)
00:51:35.788 [JavaFX Application Thread] DEBUG PrimaryStageWindow   - Scaled size: 600.0 x 600.0
00:51:35.789 [JavaFX Application Thread] DEBUG PrimaryStageWindow   - Scaled ratio: (1.0, 1.0)
00:51:35.789 [JavaFX Application Thread] DEBUG PrimaryStageWindow   - Scene size: 600.0 x 600.0
00:51:35.790 [JavaFX Application Thread] DEBUG PrimaryStageWindow   - Stage size: 614.6666870117188 x 637.3333129882812
00:51:35.803 [FXGL Background Thread 1 ] DEBUG Engine               - Initializing environment variables
00:51:35.868 [FXGL Background Thread 1 ] DEBUG FXGLAssetLoaderServi - User app class for loading assets: class org.example.Application
00:51:35.868 [FXGL Background Thread 1 ] DEBUG GameApplicationServi - Applying CSS: fxgl_dark.css
00:51:35.870 [FXGL Background Thread 1 ] DEBUG FXGLAssetLoaderServi - Loading from file system: jar:file:/C:/Users/%d0%9f%d0%9a/.m2/repository/com/github/almasb/fxgl/17.3/fxgl-17.3.jar!/fxglassets/ui/css/fxgl_dark.css
00:51:35.951 [FXGL Background Thread 1 ] DEBUG GameApplicationServi - Initializing application scenes
00:51:36.019 [FXGL Background Thread 1 ] DEBUG GameWorld            - Game world initialized
00:51:36.132 [FXGL Background Thread 1 ] DEBUG PhysicsWorld         - Physics world initialized: appHeight=600, physics.ppm=50,0
00:51:36.133 [FXGL Background Thread 1 ] DEBUG PhysicsWorld         - Using strategy: BRUTE_FORCE
00:51:36.140 [FXGL Background Thread 1 ] DEBUG GameScene            - Game scene initialized: 600x600
00:51:36.165 [FXGL Background Thread 1 ] WARN  FXGL.DefaultMenu     - FXGLDefaultMenu is not designed for resolutions < 800x600
00:51:36.165 [FXGL Background Thread 1 ] DEBUG FXGL.DefaultMenu     - createMenuBodyGameMenu()
00:51:36.197 [FXGL Background Thread 1 ] DEBUG FXGL.DefaultMenu     - createOptionsMenu()
00:51:36.222 [FXGL Background Thread 1 ] DEBUG FXGLAssetLoaderServi - Loading from file system: jar:file:/C:/Users/%d0%9f%d0%9a/.m2/repository/com/github/almasb/fxgl/17.3/fxgl-17.3.jar!/fxglassets/textures/particles/smoke.png
00:51:36.393 [FXGL Background Thread 1 ] DEBUG FXGLAssetLoaderServi - Loading from file system: jar:file:/C:/Users/%d0%9f%d0%9a/.m2/repository/com/github/almasb/fxgl/17.3/fxgl-17.3.jar!/fxglassets/textures/particles/trace_horizontal.png
00:51:36.451 [FXGL Background Thread 1 ] DEBUG GameApplicationServi - Application scenes initialized
00:51:36.477 [FXGL Background Thread 1 ] DEBUG SystemBundleService  - Loading FXGL system data
00:51:36.485 [FXGL Background Thread 1 ] DEBUG FileSystemAccess     - Reading from: C:\java_games_snake\system\fxgl.bundle
00:51:36.497 [FXGL Background Thread 1 ] DEBUG SystemBundleService  - Bundle FXGL: {}
00:51:36.497 [FXGL Background Thread 1 ] DEBUG UpdaterService       - Checking for updates
00:51:36.505 [FXGL Background Thread 4 ] DEBUG FXGLApplication      - Loading fonts
00:51:36.505 [FXGL Background Thread 4 ] DEBUG FXGLAssetLoaderServi - Loading from file system: jar:file:/C:/Users/%d0%9f%d0%9a/.m2/repository/com/github/almasb/fxgl/17.3/fxgl-17.3.jar!/fxglassets/ui/fonts/VarelaRound-Regular.ttf
00:51:36.506 [FXGL Background Thread 1 ] DEBUG FXGLApplication      - Loading default localization
00:51:36.507 [FXGL Background Thread 1 ] DEBUG FXGLAssetLoaderServi - Loading from file system: jar:file:/C:/Users/%d0%9f%d0%9a/.m2/repository/com/github/almasb/fxgl/17.3/fxgl-17.3.jar!/fxglassets/languages/english.lang
00:51:36.550 [FXGL Background Thread 1 ] INFO  FXGLApplication      - FXGL initialization took: 0,746 sec
00:51:36.579 [JavaFX Application Thread] DEBUG Input                - Registered new binding: action0 - Right
00:51:36.580 [JavaFX Application Thread] DEBUG Input                - Registered new binding: action1 - Left
00:51:36.581 [JavaFX Application Thread] DEBUG Input                - Registered new binding: action2 - Up
00:51:36.582 [JavaFX Application Thread] DEBUG Input                - Registered new binding: action3 - Down
00:51:36.583 [JavaFX Application Thread] DEBUG FXGLAssetLoaderServi - Loading from file system: jar:file:/C:/Users/%d0%9f%d0%9a/.m2/repository/com/github/almasb/fxgl/17.3/fxgl-17.3.jar!/fxglassets/textures/fxgl_icon.png
00:51:36.622 [FXGL Background Thread 4 ] DEBUG FXGLAssetLoaderServi - Loading from file system: jar:file:/C:/Users/%d0%9f%d0%9a/.m2/repository/com/github/almasb/fxgl/17.3/fxgl-17.3.jar!/fxglassets/ui/fonts/Abel-Regular.ttf
00:51:36.628 [FXGL Background Thread 4 ] DEBUG FXGLAssetLoaderServi - Loading from file system: jar:file:/C:/Users/%d0%9f%d0%9a/.m2/repository/com/github/almasb/fxgl/17.3/fxgl-17.3.jar!/fxglassets/ui/fonts/TerminalLandMono-Regular.otf
00:51:36.635 [FXGL Background Thread 4 ] DEBUG FXGLAssetLoaderServi - Loading from file system: jar:file:/C:/Users/%d0%9f%d0%9a/.m2/repository/com/github/almasb/fxgl/17.3/fxgl-17.3.jar!/fxglassets/ui/fonts/Courier-Prime.ttf
00:51:36.641 [JavaFX Application Thread] DEBUG FXGLAssetLoaderServi - Loading from file system: jar:file:/C:/Users/%d0%9f%d0%9a/.m2/repository/com/github/almasb/fxgl/17.3/fxgl-17.3.jar!/fxglassets/textures/fxgl_default_cursor.png
00:51:36.649 [JavaFX Application Thread] DEBUG Input                - Registered new binding: Screenshot - CTRL+8
00:51:36.651 [JavaFX Application Thread] DEBUG Input                - Registered new binding: System info dump - CTRL+9
00:51:36.653 [JavaFX Application Thread] DEBUG Input                - Registered new binding: Restart - CTRL+R
00:51:36.656 [JavaFX Application Thread] DEBUG Input                - Registered new binding: Toggle Debug Camera - CTRL+7
00:51:36.665 [JavaFX Application Thread] DEBUG LoopRunner           - Starting loop
00:51:36.665 [JavaFX Application Thread] DEBUG LoopRunner           - Initializing JavaFX AnimationTimerLoop
00:51:36.669 [JavaFX Application Thread] DEBUG GameApplicationServi - Starting new game
00:51:36.671 [JavaFX Application Thread] DEBUG Input                - Clearing active input actions
00:51:36.695 [JavaFX Application Thread] DEBUG GameApplicationServi - Removing overlay from FXGLStartupScene and adding to FXGLLoadingScene
00:51:36.696 [JavaFX Application Thread] DEBUG PrimaryStageWindow   - FXGLStartupScene -> FXGLLoadingScene
00:51:36.696 [JavaFX Application Thread] DEBUG GameApplicationServi - Clearing previous game
00:51:36.697 [JavaFX Application Thread] DEBUG GameScene            - Clearing game scene
00:51:36.697 [JavaFX Application Thread] DEBUG GameWorld            - Clearing game world
00:51:36.697 [JavaFX Application Thread] DEBUG PhysicsWorld         - Clearing physics world
00:51:36.703 [FXGL Background Thread 4 ] DEBUG FXGLApplication      - Initializing game
00:51:36.703 [JavaFX Application Thread] DEBUG FXGLApplication      - Registering font factories with UI factory
00:51:36.711 [FXGL Background Thread 4 ] DEBUG FXGLAssetLoaderServi - Loading from file system: file:/C:/java_games_snake/snake/target/classes/assets/textures/grass.png
00:51:36.817 [FXGL Background Thread 4 ] DEBUG FXGLAssetLoaderServi - Loading from file system: file:/C:/java_games_snake/snake/target/classes/assets/music/snake.mp3
00:51:37.116 [FXGL Background Thread 4 ] DEBUG AudioPlayer          - Playing music com.almasb.fxgl.audio.Music@48038cd9
00:51:37.144 [FXGL Background Thread 4 ] INFO  FXGLApplication      - Game initialization took: 0,441 sec
00:51:37.145 [JavaFX Application Thread] DEBUG Input                - Clearing active input actions
00:51:37.166 [JavaFX Application Thread] DEBUG GameApplicationServi - Removing overlay from FXGLLoadingScene and adding to GameScene
00:51:37.166 [JavaFX Application Thread] DEBUG PrimaryStageWindow   - FXGLLoadingScene -> GameScene
00:51:37.466 [FXGL Background Thread 2 ] INFO  UpdaterService       - Your current version:  17.3
00:51:37.466 [FXGL Background Thread 2 ] INFO  UpdaterService       - Latest stable version: 25
00:51:39.502 [FXGL Background Thread 3 ] DEBUG Engine               - Logging environment variables
00:51:39.503 [FXGL Background Thread 3 ] DEBUG Engine               - achievements: []
00:51:39.505 [FXGL Background Thread 3 ] DEBUG Engine               - actualHeight: 600.0
00:51:39.506 [FXGL Background Thread 3 ] DEBUG Engine               - actualHeightProperty: ReadOnlyDoubleProperty [value: 600.0]
00:51:39.506 [FXGL Background Thread 3 ] DEBUG Engine               - actualWidth: 600.0
00:51:39.506 [FXGL Background Thread 3 ] DEBUG Engine               - actualWidthProperty: ReadOnlyDoubleProperty [value: 600.0]
00:51:39.507 [FXGL Background Thread 3 ] DEBUG Engine               - appIcon: fxgl_icon.png
00:51:39.509 [FXGL Background Thread 3 ] DEBUG Engine               - applicationMode: DEVELOPER
00:51:39.509 [FXGL Background Thread 3 ] DEBUG Engine               - cSSList: [fxgl_dark.css]
00:51:39.510 [FXGL Background Thread 3 ] DEBUG Engine               - collisionDetectionStrategy: BRUTE_FORCE
00:51:39.510 [FXGL Background Thread 3 ] DEBUG Engine               - configClass: Optional.empty
00:51:39.510 [FXGL Background Thread 3 ] DEBUG Engine               - credits: []
00:51:39.511 [FXGL Background Thread 3 ] DEBUG Engine               - defaultCursor: CursorInfo(imageName=fxgl_default_cursor.png, hotspotX=7.0, hotspotY=6.0)
00:51:39.511 [FXGL Background Thread 3 ] DEBUG Engine               - devBBoxColorProperty: ObjectProperty [value: 0xff0000ff]
00:51:39.511 [FXGL Background Thread 3 ] DEBUG Engine               - devEnableDebugCameraProperty: BooleanProperty [value: false]
00:51:39.512 [FXGL Background Thread 3 ] DEBUG Engine               - devSensorColorProperty: ObjectProperty [value: 0xffff00ff]
00:51:39.512 [FXGL Background Thread 3 ] DEBUG Engine               - devShowBBoxProperty: BooleanProperty [value: false]
00:51:39.512 [FXGL Background Thread 3 ] DEBUG Engine               - devShowPositionProperty: BooleanProperty [value: false]
00:51:39.512 [FXGL Background Thread 3 ] DEBUG Engine               - enabledMenuItems: []
00:51:39.512 [FXGL Background Thread 3 ] DEBUG Engine               - engineServices: [class com.almasb.fxgl.app.services.FXGLAssetLoaderService, class com.almasb.fxgl.app.FXGLApplication$GameApplicationService, class com.almasb.fxgl.app.services.FXGLDialogService, class com.almasb.fxgl.app.services.IOTaskExecutorService, class com.almasb.fxgl.io.FileSystemService, class com.almasb.fxgl.localization.LocalizationService, class com.almasb.fxgl.app.services.SystemBundleService, class com.almasb.fxgl.profile.SaveLoadService, class com.almasb.fxgl.ui.FXGLUIFactoryServiceProvider, class com.almasb.fxgl.ui.FXGLDialogFactoryServiceProvider, class com.almasb.fxgl.audio.AudioPlayer, class com.almasb.fxgl.notification.impl.NotificationServiceProvider, class com.almasb.fxgl.achievement.AchievementService, class com.almasb.fxgl.cutscene.CutsceneService, class com.almasb.fxgl.minigames.MiniGameService, class com.almasb.fxgl.net.NetService, class com.almasb.fxgl.app.services.UpdaterService, class com.almasb.fxgl.dev.DevService]
00:51:39.512 [FXGL Background Thread 3 ] DEBUG Engine               - fontGame: Abel-Regular.ttf
00:51:39.513 [FXGL Background Thread 3 ] DEBUG Engine               - fontMono: TerminalLandMono-Regular.otf
00:51:39.513 [FXGL Background Thread 3 ] DEBUG Engine               - fontSizeScaleUI: 1.0
00:51:39.513 [FXGL Background Thread 3 ] DEBUG Engine               - fontText: Courier-Prime.ttf
00:51:39.513 [FXGL Background Thread 3 ] DEBUG Engine               - fontUI: VarelaRound-Regular.ttf
00:51:39.514 [FXGL Background Thread 3 ] DEBUG Engine               - fullScreen: BooleanProperty [value: false]
00:51:39.514 [FXGL Background Thread 3 ] DEBUG Engine               - gameDifficulty: MEDIUM
00:51:39.514 [FXGL Background Thread 3 ] DEBUG Engine               - gameDifficultyProperty: ObjectProperty [value: MEDIUM]
00:51:39.514 [FXGL Background Thread 3 ] DEBUG Engine               - globalMusicVolume: 0.5
00:51:39.514 [FXGL Background Thread 3 ] DEBUG Engine               - globalMusicVolumeProperty: DoubleProperty [value: 0.5]
00:51:39.515 [FXGL Background Thread 3 ] DEBUG Engine               - globalSoundVolume: 0.5
00:51:39.515 [FXGL Background Thread 3 ] DEBUG Engine               - globalSoundVolumeProperty: DoubleProperty [value: 0.5]
00:51:39.515 [FXGL Background Thread 3 ] DEBUG Engine               - height: 600
00:51:39.515 [FXGL Background Thread 3 ] DEBUG Engine               - is3D: false
00:51:39.515 [FXGL Background Thread 3 ] DEBUG Engine               - isAndroid: false
00:51:39.515 [FXGL Background Thread 3 ] DEBUG Engine               - isBrowser: false
00:51:39.515 [FXGL Background Thread 3 ] DEBUG Engine               - isClickFeedbackEnabled: false
00:51:39.515 [FXGL Background Thread 3 ] DEBUG Engine               - isCloseConfirmation: false
00:51:39.515 [FXGL Background Thread 3 ] DEBUG Engine               - isDesktop: true
00:51:39.515 [FXGL Background Thread 3 ] DEBUG Engine               - isDeveloperMenuEnabled: false
00:51:39.516 [FXGL Background Thread 3 ] DEBUG Engine               - isEmbedded: false
00:51:39.516 [FXGL Background Thread 3 ] DEBUG Engine               - isEntityPreloadEnabled: true
00:51:39.516 [FXGL Background Thread 3 ] DEBUG Engine               - isExperimentalTiledLargeMap: false
00:51:39.516 [FXGL Background Thread 3 ] DEBUG Engine               - isFileSystemWriteAllowed: true
00:51:39.517 [FXGL Background Thread 3 ] DEBUG Engine               - isFullScreenAllowed: false
00:51:39.517 [FXGL Background Thread 3 ] DEBUG Engine               - isFullScreenFromStart: false
00:51:39.517 [FXGL Background Thread 3 ] DEBUG Engine               - isGameMenuEnabled: true
00:51:39.517 [FXGL Background Thread 3 ] DEBUG Engine               - isIOS: false
00:51:39.517 [FXGL Background Thread 3 ] DEBUG Engine               - isIntroEnabled: false
00:51:39.518 [FXGL Background Thread 3 ] DEBUG Engine               - isLinux: false
00:51:39.518 [FXGL Background Thread 3 ] DEBUG Engine               - isMac: false
00:51:39.519 [FXGL Background Thread 3 ] DEBUG Engine               - isMainMenuEnabled: false
00:51:39.519 [FXGL Background Thread 3 ] DEBUG Engine               - isManualResizeEnabled: false
00:51:39.519 [FXGL Background Thread 3 ] DEBUG Engine               - isMobile: false
00:51:39.519 [FXGL Background Thread 3 ] DEBUG Engine               - isNative: false
00:51:39.519 [FXGL Background Thread 3 ] DEBUG Engine               - isPauseMusicWhenMinimized: true
00:51:39.520 [FXGL Background Thread 3 ] DEBUG Engine               - isPreserveResizeRatio: false
00:51:39.520 [FXGL Background Thread 3 ] DEBUG Engine               - isProfilingEnabled: false
00:51:39.520 [FXGL Background Thread 3 ] DEBUG Engine               - isScaleAffectedOnResize: true
00:51:39.520 [FXGL Background Thread 3 ] DEBUG Engine               - isSingleStep: false
00:51:39.520 [FXGL Background Thread 3 ] DEBUG Engine               - isUserProfileEnabled: false
00:51:39.520 [FXGL Background Thread 3 ] DEBUG Engine               - isWindows: true
00:51:39.520 [FXGL Background Thread 3 ] DEBUG Engine               - language: ObjectProperty [value: ENGLISH]
00:51:39.520 [FXGL Background Thread 3 ] DEBUG Engine               - menuKey: ESCAPE
00:51:39.520 [FXGL Background Thread 3 ] DEBUG Engine               - mouseSensitivity: 0.2
00:51:39.520 [FXGL Background Thread 3 ] DEBUG Engine               - notificationViewClass: class com.almasb.fxgl.notification.view.XboxNotificationView
00:51:39.520 [FXGL Background Thread 3 ] DEBUG Engine               - pixelsPerMeter: 50.0
00:51:39.520 [FXGL Background Thread 3 ] DEBUG Engine               - platform: WINDOWS
00:51:39.521 [FXGL Background Thread 3 ] DEBUG Engine               - prefHeightProperty: ReadOnlyDoubleProperty [value: 600.0]
00:51:39.521 [FXGL Background Thread 3 ] DEBUG Engine               - prefWidthProperty: ReadOnlyDoubleProperty [value: 600.0]
00:51:39.521 [FXGL Background Thread 3 ] DEBUG Engine               - profileDir: profiles/
00:51:39.521 [FXGL Background Thread 3 ] DEBUG Engine               - profileName: StringProperty [value: DEFAULT]
00:51:39.521 [FXGL Background Thread 3 ] DEBUG Engine               - randomSeed: -1
00:51:39.521 [FXGL Background Thread 3 ] DEBUG Engine               - runtimeInfo: RuntimeInfo(platform=WINDOWS, version=17.3, build=30.03.2023 11.49)
00:51:39.522 [FXGL Background Thread 3 ] DEBUG Engine               - saveFileExt: sav
00:51:39.522 [FXGL Background Thread 3 ] DEBUG Engine               - scaledHeightProp$fxgl: DoubleProperty [bound, value: 600.0]
00:51:39.522 [FXGL Background Thread 3 ] DEBUG Engine               - scaledWidthProp$fxgl: DoubleProperty [bound, value: 600.0]
00:51:39.522 [FXGL Background Thread 3 ] DEBUG Engine               - sceneFactory: com.almasb.fxgl.app.scene.SceneFactory@550567d4
00:51:39.522 [FXGL Background Thread 3 ] DEBUG Engine               - secondsIn24h: 60
00:51:39.522 [FXGL Background Thread 3 ] DEBUG Engine               - soundMenuBack: menu/back.wav
00:51:39.522 [FXGL Background Thread 3 ] DEBUG Engine               - soundMenuPress: menu/press.wav
00:51:39.522 [FXGL Background Thread 3 ] DEBUG Engine               - soundMenuSelect: menu/select.wav
00:51:39.522 [FXGL Background Thread 3 ] DEBUG Engine               - soundNotification: core/notification.wav
00:51:39.523 [FXGL Background Thread 3 ] DEBUG Engine               - stageStyle: DECORATED
00:51:39.523 [FXGL Background Thread 3 ] DEBUG Engine               - supportedLanguages: [ENGLISH, FRENCH, GERMAN, HUNGARIAN, RUSSIAN]
00:51:39.523 [FXGL Background Thread 3 ] DEBUG Engine               - ticksPerSecond: -1
00:51:39.523 [FXGL Background Thread 3 ] DEBUG Engine               - title: Snake
00:51:39.523 [FXGL Background Thread 3 ] DEBUG Engine               - urlGithub: https://github.com/AlmasB/FXGL
00:51:39.523 [FXGL Background Thread 3 ] DEBUG Engine               - urlLeaderboard: http://fxgl-top.herokuapp.com/
00:51:39.523 [FXGL Background Thread 3 ] DEBUG Engine               - urlPOM: https://raw.githubusercontent.com/AlmasB/FXGL/release/README.md
00:51:39.523 [FXGL Background Thread 3 ] DEBUG Engine               - userAppClass: class org.example.Application
00:51:39.524 [FXGL Background Thread 3 ] DEBUG Engine               - version: 1.0
00:51:39.524 [FXGL Background Thread 3 ] DEBUG Engine               - versionCheckDays: 7
00:51:39.524 [FXGL Background Thread 3 ] DEBUG Engine               - width: 600
00:51:39.524 [FXGL Background Thread 3 ] DEBUG Engine               - Logging services
00:51:39.524 [FXGL Background Thread 3 ] DEBUG Engine               - class com.almasb.fxgl.app.services.FXGLAssetLoaderService
00:51:39.524 [FXGL Background Thread 3 ] DEBUG Engine               - class com.almasb.fxgl.app.FXGLApplication$GameApplicationService
00:51:39.524 [FXGL Background Thread 3 ] DEBUG Engine               - class com.almasb.fxgl.app.services.FXGLDialogService
00:51:39.524 [FXGL Background Thread 3 ] DEBUG Engine               - class com.almasb.fxgl.app.services.IOTaskExecutorService
00:51:39.524 [FXGL Background Thread 3 ] DEBUG Engine               - class com.almasb.fxgl.io.FileSystemService
00:51:39.524 [FXGL Background Thread 3 ] DEBUG Engine               - class com.almasb.fxgl.localization.LocalizationService
00:51:39.524 [FXGL Background Thread 3 ] DEBUG Engine               - class com.almasb.fxgl.app.services.SystemBundleService
00:51:39.525 [FXGL Background Thread 3 ] DEBUG Engine               - class com.almasb.fxgl.profile.SaveLoadService
00:51:39.525 [FXGL Background Thread 3 ] DEBUG Engine               - class com.almasb.fxgl.ui.FXGLUIFactoryServiceProvider
00:51:39.525 [FXGL Background Thread 3 ] DEBUG Engine               - class com.almasb.fxgl.ui.FXGLDialogFactoryServiceProvider
00:51:39.525 [FXGL Background Thread 3 ] DEBUG Engine               - class com.almasb.fxgl.audio.AudioPlayer
00:51:39.525 [FXGL Background Thread 3 ] DEBUG Engine               - class com.almasb.fxgl.notification.impl.NotificationServiceProvider
00:51:39.525 [FXGL Background Thread 3 ] DEBUG Engine               - class com.almasb.fxgl.achievement.AchievementService
00:51:39.525 [FXGL Background Thread 3 ] DEBUG Engine               - class com.almasb.fxgl.cutscene.CutsceneService
00:51:39.525 [FXGL Background Thread 3 ] DEBUG Engine               - class com.almasb.fxgl.minigames.MiniGameService
00:51:39.525 [FXGL Background Thread 3 ] DEBUG Engine               - class com.almasb.fxgl.net.NetService
00:51:39.525 [FXGL Background Thread 3 ] DEBUG Engine               - class com.almasb.fxgl.app.services.UpdaterService
00:51:39.525 [FXGL Background Thread 3 ] DEBUG Engine               - class com.almasb.fxgl.dev.DevService
00:51:41.602 [JavaFX Application Thread] DEBUG FXGLAssetLoaderServi - Loading from file system: file:/C:/java_games_snake/snake/target/classes/assets/textures/apple.png
00:51:41.626 [JavaFX Application Thread] DEBUG FXGLAssetLoaderServi - Loading from file system: file:/C:/java_games_snake/snake/target/classes/assets/textures/cactus.png
00:52:56.879 [JavaFX Application Thread] DEBUG PrimaryStageWindow   - Push state: DialogSubScene
00:52:56.879 [JavaFX Application Thread] DEBUG Input                - Clearing active input actions
00:52:56.886 [JavaFX Application Thread] DEBUG GameApplicationServi - Removing overlay from GameScene and adding to DialogSubScene
00:52:56.886 [JavaFX Application Thread] DEBUG PrimaryStageWindow   - GameScene -> DialogSubScene
00:53:00.876 [JavaFX Application Thread] DEBUG PrimaryStageWindow   - Pop state: DialogSubScene
00:53:00.877 [JavaFX Application Thread] DEBUG Input                - Clearing active input actions
00:53:00.877 [JavaFX Application Thread] DEBUG GameApplicationServi - Removing overlay from DialogSubScene and adding to GameScene
00:53:00.878 [JavaFX Application Thread] DEBUG PrimaryStageWindow   - GameScene <- DialogSubScene
00:53:00.878 [JavaFX Application Thread] DEBUG GameApplicationServi - Starting new game
00:53:00.878 [JavaFX Application Thread] DEBUG Input                - Clearing active input actions
00:53:00.886 [JavaFX Application Thread] DEBUG GameApplicationServi - Removing overlay from GameScene and adding to FXGLLoadingScene
00:53:00.887 [JavaFX Application Thread] DEBUG PrimaryStageWindow   - GameScene -> FXGLLoadingScene
00:53:00.887 [JavaFX Application Thread] DEBUG GameApplicationServi - Clearing previous game
00:53:00.887 [JavaFX Application Thread] DEBUG GameScene            - Clearing game scene
00:53:00.887 [JavaFX Application Thread] DEBUG GameWorld            - Clearing game world
00:53:00.887 [JavaFX Application Thread] DEBUG PhysicsWorld         - Clearing physics world
00:53:00.888 [FXGL Background Thread 5 ] DEBUG FXGLApplication      - Initializing game
00:53:00.889 [FXGL Background Thread 5 ] DEBUG AudioPlayer          - Playing music com.almasb.fxgl.audio.Music@48038cd9
00:53:00.890 [FXGL Background Thread 5 ] INFO  FXGLApplication      - Game initialization took: 0,002 sec
00:53:00.893 [JavaFX Application Thread] DEBUG Input                - Clearing active input actions
00:53:00.901 [JavaFX Application Thread] DEBUG GameApplicationServi - Removing overlay from FXGLLoadingScene and adding to GameScene
00:53:00.902 [JavaFX Application Thread] DEBUG PrimaryStageWindow   - FXGLLoadingScene -> GameScene
00:53:03.155 [JavaFX Application Thread] DEBUG FXGLApplication      - Exiting FXGL
00:53:03.156 [JavaFX Application Thread] DEBUG LoopRunner           - Stopping loop
00:53:03.156 [JavaFX Application Thread] DEBUG SystemBundleService  - Saving FXGL system data
00:53:03.159 [JavaFX Application Thread] DEBUG FileSystemAccess     - Writing to: C:\java_games_snake\system\fxgl.bundle
00:53:03.162 [JavaFX Application Thread] DEBUG Async                - Shutting down background threads
00:53:03.162 [JavaFX Application Thread] DEBUG PrimaryStageWindow   - Closing main window
00:53:03.180 [JavaFX Application Thread] DEBUG Logger               - Closing Logger
