00:57:16.759 [main                     ] DEBUG Logger               - Configured Logger
00:57:16.816 [main                     ] DEBUG GameApplication      - Logging settings
Title: Snake
Version: 1.0
Width: 600
Height: 600
Fullscreen: false
Intro: false
Profiling: false
Single step:false
App Mode: DEVELOPER
Menu Key: ESCAPE
Stage Style: DECORATED
Scene Factory: class com.almasb.fxgl.app.scene.SceneFactory

00:57:17.536 [JavaFX Application Thread] DEBUG FXGLApplication      - Initializing FXGL
00:57:17.546 [JavaFX Application Thread] INFO  Engine               - FXGL-17.3 (30.03.2023 11.49) on WINDOWS (J:17.0.9 FX:17)
00:57:17.547 [JavaFX Application Thread] DEBUG Engine               - JRE Vendor Name: Oracle Corporation
00:57:17.547 [JavaFX Application Thread] DEBUG Engine               - Running on OS: Windows 10 version 10.0
00:57:17.548 [JavaFX Application Thread] DEBUG Engine               - Architecture: amd64
00:57:17.548 [JavaFX Application Thread] INFO  Engine               - Source code and latest versions at: https://github.com/AlmasB/FXGL
00:57:17.548 [JavaFX Application Thread] INFO  Engine               -       Ask questions and discuss at: https://github.com/AlmasB/FXGL/discussions
00:57:17.548 [JavaFX Application Thread] INFO  Engine               -              Join the FXGL chat at: https://gitter.im/AlmasB/FXGL
00:57:17.784 [JavaFX Application Thread] DEBUG PrimaryStageWindow   - Creating a JavaFX scene
00:57:17.885 [JavaFX Application Thread] DEBUG PrimaryStageWindow   - Target settings size: 600.0 x 600.0
00:57:17.886 [JavaFX Application Thread] DEBUG PrimaryStageWindow   - Scaled scene size:    600.0 x 600.0
00:57:17.886 [JavaFX Application Thread] DEBUG PrimaryStageWindow   - Scaled ratio: (1.0, 1.0)
00:57:17.889 [JavaFX Application Thread] DEBUG PrimaryStageWindow   - Set initial scene to FXGLStartupScene
00:57:17.907 [JavaFX Application Thread] DEBUG PrimaryStageWindow   - Opening main window
00:57:18.049 [JavaFX Application Thread] DEBUG PrimaryStageWindow   - Window border size: (14.66668701171875, 37.33331298828125)
00:57:18.050 [JavaFX Application Thread] DEBUG PrimaryStageWindow   - Scaled size: 600.0 x 600.0
00:57:18.050 [JavaFX Application Thread] DEBUG PrimaryStageWindow   - Scaled ratio: (1.0, 1.0)
00:57:18.050 [JavaFX Application Thread] DEBUG PrimaryStageWindow   - Scene size: 600.0 x 600.0
00:57:18.051 [JavaFX Application Thread] DEBUG PrimaryStageWindow   - Stage size: 614.6666870117188 x 637.3333129882812
00:57:18.064 [FXGL Background Thread 1 ] DEBUG Engine               - Initializing environment variables
00:57:18.134 [FXGL Background Thread 1 ] DEBUG FXGLAssetLoaderServi - User app class for loading assets: class org.example.Application
00:57:18.134 [FXGL Background Thread 1 ] DEBUG GameApplicationServi - Applying CSS: fxgl_dark.css
00:57:18.136 [FXGL Background Thread 1 ] DEBUG FXGLAssetLoaderServi - Loading from file system: jar:file:/C:/Users/%d0%9f%d0%9a/.m2/repository/com/github/almasb/fxgl/17.3/fxgl-17.3.jar!/fxglassets/ui/css/fxgl_dark.css
00:57:18.205 [FXGL Background Thread 1 ] DEBUG GameApplicationServi - Initializing application scenes
00:57:18.277 [FXGL Background Thread 1 ] DEBUG GameWorld            - Game world initialized
00:57:18.370 [FXGL Background Thread 1 ] DEBUG PhysicsWorld         - Physics world initialized: appHeight=600, physics.ppm=50,0
00:57:18.371 [FXGL Background Thread 1 ] DEBUG PhysicsWorld         - Using strategy: BRUTE_FORCE
00:57:18.378 [FXGL Background Thread 1 ] DEBUG GameScene            - Game scene initialized: 600x600
00:57:18.405 [FXGL Background Thread 1 ] WARN  FXGL.DefaultMenu     - FXGLDefaultMenu is not designed for resolutions < 800x600
00:57:18.406 [FXGL Background Thread 1 ] DEBUG FXGL.DefaultMenu     - createMenuBodyGameMenu()
00:57:18.436 [FXGL Background Thread 1 ] DEBUG FXGL.DefaultMenu     - createOptionsMenu()
00:57:18.464 [FXGL Background Thread 1 ] DEBUG FXGLAssetLoaderServi - Loading from file system: jar:file:/C:/Users/%d0%9f%d0%9a/.m2/repository/com/github/almasb/fxgl/17.3/fxgl-17.3.jar!/fxglassets/textures/particles/smoke.png
00:57:18.632 [FXGL Background Thread 1 ] DEBUG FXGLAssetLoaderServi - Loading from file system: jar:file:/C:/Users/%d0%9f%d0%9a/.m2/repository/com/github/almasb/fxgl/17.3/fxgl-17.3.jar!/fxglassets/textures/particles/trace_horizontal.png
00:57:18.689 [FXGL Background Thread 1 ] DEBUG GameApplicationServi - Application scenes initialized
00:57:18.715 [FXGL Background Thread 1 ] DEBUG SystemBundleService  - Loading FXGL system data
00:57:18.725 [FXGL Background Thread 1 ] DEBUG FileSystemAccess     - Reading from: C:\java_games_snake\system\fxgl.bundle
00:57:18.738 [FXGL Background Thread 1 ] DEBUG SystemBundleService  - Bundle FXGL: {}
00:57:18.738 [FXGL Background Thread 1 ] DEBUG UpdaterService       - Checking for updates
00:57:18.745 [FXGL Background Thread 4 ] DEBUG FXGLApplication      - Loading fonts
00:57:18.746 [FXGL Background Thread 4 ] DEBUG FXGLAssetLoaderServi - Loading from file system: jar:file:/C:/Users/%d0%9f%d0%9a/.m2/repository/com/github/almasb/fxgl/17.3/fxgl-17.3.jar!/fxglassets/ui/fonts/VarelaRound-Regular.ttf
00:57:18.747 [FXGL Background Thread 1 ] DEBUG FXGLApplication      - Loading default localization
00:57:18.748 [FXGL Background Thread 1 ] DEBUG FXGLAssetLoaderServi - Loading from file system: jar:file:/C:/Users/%d0%9f%d0%9a/.m2/repository/com/github/almasb/fxgl/17.3/fxgl-17.3.jar!/fxglassets/languages/english.lang
00:57:18.812 [FXGL Background Thread 1 ] INFO  FXGLApplication      - FXGL initialization took: 0,747 sec
00:57:18.858 [JavaFX Application Thread] DEBUG Input                - Registered new binding: action0 - Right
00:57:18.860 [JavaFX Application Thread] DEBUG Input                - Registered new binding: action1 - Left
00:57:18.860 [FXGL Background Thread 4 ] DEBUG FXGLAssetLoaderServi - Loading from file system: jar:file:/C:/Users/%d0%9f%d0%9a/.m2/repository/com/github/almasb/fxgl/17.3/fxgl-17.3.jar!/fxglassets/ui/fonts/Abel-Regular.ttf
00:57:18.861 [JavaFX Application Thread] DEBUG Input                - Registered new binding: action2 - Up
00:57:18.862 [JavaFX Application Thread] DEBUG Input                - Registered new binding: action3 - Down
00:57:18.863 [JavaFX Application Thread] DEBUG FXGLAssetLoaderServi - Loading from file system: jar:file:/C:/Users/%d0%9f%d0%9a/.m2/repository/com/github/almasb/fxgl/17.3/fxgl-17.3.jar!/fxglassets/textures/fxgl_icon.png
00:57:18.867 [FXGL Background Thread 4 ] DEBUG FXGLAssetLoaderServi - Loading from file system: jar:file:/C:/Users/%d0%9f%d0%9a/.m2/repository/com/github/almasb/fxgl/17.3/fxgl-17.3.jar!/fxglassets/ui/fonts/TerminalLandMono-Regular.otf
00:57:18.876 [FXGL Background Thread 4 ] DEBUG FXGLAssetLoaderServi - Loading from file system: jar:file:/C:/Users/%d0%9f%d0%9a/.m2/repository/com/github/almasb/fxgl/17.3/fxgl-17.3.jar!/fxglassets/ui/fonts/Courier-Prime.ttf
00:57:18.912 [JavaFX Application Thread] DEBUG FXGLAssetLoaderServi - Loading from file system: jar:file:/C:/Users/%d0%9f%d0%9a/.m2/repository/com/github/almasb/fxgl/17.3/fxgl-17.3.jar!/fxglassets/textures/fxgl_default_cursor.png
00:57:18.918 [JavaFX Application Thread] DEBUG Input                - Registered new binding: Screenshot - CTRL+8
00:57:18.920 [JavaFX Application Thread] DEBUG Input                - Registered new binding: System info dump - CTRL+9
00:57:18.922 [JavaFX Application Thread] DEBUG Input                - Registered new binding: Restart - CTRL+R
00:57:18.925 [JavaFX Application Thread] DEBUG Input                - Registered new binding: Toggle Debug Camera - CTRL+7
00:57:18.939 [JavaFX Application Thread] DEBUG LoopRunner           - Starting loop
00:57:18.939 [JavaFX Application Thread] DEBUG LoopRunner           - Initializing JavaFX AnimationTimerLoop
00:57:18.946 [JavaFX Application Thread] DEBUG GameApplicationServi - Starting new game
00:57:18.947 [JavaFX Application Thread] DEBUG Input                - Clearing active input actions
00:57:18.972 [JavaFX Application Thread] DEBUG GameApplicationServi - Removing overlay from FXGLStartupScene and adding to FXGLLoadingScene
00:57:18.973 [JavaFX Application Thread] DEBUG PrimaryStageWindow   - FXGLStartupScene -> FXGLLoadingScene
00:57:18.973 [JavaFX Application Thread] DEBUG GameApplicationServi - Clearing previous game
00:57:18.973 [JavaFX Application Thread] DEBUG GameScene            - Clearing game scene
00:57:18.973 [JavaFX Application Thread] DEBUG GameWorld            - Clearing game world
00:57:18.974 [JavaFX Application Thread] DEBUG PhysicsWorld         - Clearing physics world
00:57:18.979 [JavaFX Application Thread] DEBUG FXGLApplication      - Registering font factories with UI factory
00:57:18.979 [FXGL Background Thread 4 ] DEBUG FXGLApplication      - Initializing game
00:57:18.983 [FXGL Background Thread 4 ] DEBUG FXGLAssetLoaderServi - Loading from file system: file:/C:/java_games_snake/snake/target/classes/assets/textures/grass.png
00:57:19.087 [FXGL Background Thread 4 ] DEBUG FXGLAssetLoaderServi - Loading from file system: file:/C:/java_games_snake/snake/target/classes/assets/music/snake.mp3
00:57:19.376 [FXGL Background Thread 4 ] DEBUG AudioPlayer          - Playing music com.almasb.fxgl.audio.Music@1cacc6e4
00:57:19.408 [FXGL Background Thread 4 ] INFO  FXGLApplication      - Game initialization took: 0,429 sec
00:57:19.410 [JavaFX Application Thread] DEBUG Input                - Clearing active input actions
00:57:19.421 [JavaFX Application Thread] DEBUG GameApplicationServi - Removing overlay from FXGLLoadingScene and adding to GameScene
00:57:19.422 [JavaFX Application Thread] DEBUG PrimaryStageWindow   - FXGLLoadingScene -> GameScene
00:57:19.715 [FXGL Background Thread 2 ] INFO  UpdaterService       - Your current version:  17.3
00:57:19.715 [FXGL Background Thread 2 ] INFO  UpdaterService       - Latest stable version: 25
00:57:21.743 [FXGL Background Thread 3 ] DEBUG Engine               - Logging environment variables
00:57:21.744 [FXGL Background Thread 3 ] DEBUG Engine               - achievements: []
00:57:21.745 [FXGL Background Thread 3 ] DEBUG Engine               - actualHeight: 600.0
00:57:21.745 [FXGL Background Thread 3 ] DEBUG Engine               - actualHeightProperty: ReadOnlyDoubleProperty [value: 600.0]
00:57:21.745 [FXGL Background Thread 3 ] DEBUG Engine               - actualWidth: 600.0
00:57:21.746 [FXGL Background Thread 3 ] DEBUG Engine               - actualWidthProperty: ReadOnlyDoubleProperty [value: 600.0]
00:57:21.747 [FXGL Background Thread 3 ] DEBUG Engine               - appIcon: fxgl_icon.png
00:57:21.748 [FXGL Background Thread 3 ] DEBUG Engine               - applicationMode: DEVELOPER
00:57:21.749 [FXGL Background Thread 3 ] DEBUG Engine               - cSSList: [fxgl_dark.css]
00:57:21.750 [FXGL Background Thread 3 ] DEBUG Engine               - collisionDetectionStrategy: BRUTE_FORCE
00:57:21.750 [FXGL Background Thread 3 ] DEBUG Engine               - configClass: Optional.empty
00:57:21.750 [FXGL Background Thread 3 ] DEBUG Engine               - credits: []
00:57:21.750 [FXGL Background Thread 3 ] DEBUG Engine               - defaultCursor: CursorInfo(imageName=fxgl_default_cursor.png, hotspotX=7.0, hotspotY=6.0)
00:57:21.751 [FXGL Background Thread 3 ] DEBUG Engine               - devBBoxColorProperty: ObjectProperty [value: 0xff0000ff]
00:57:21.751 [FXGL Background Thread 3 ] DEBUG Engine               - devEnableDebugCameraProperty: BooleanProperty [value: false]
00:57:21.751 [FXGL Background Thread 3 ] DEBUG Engine               - devSensorColorProperty: ObjectProperty [value: 0xffff00ff]
00:57:21.752 [FXGL Background Thread 3 ] DEBUG Engine               - devShowBBoxProperty: BooleanProperty [value: false]
00:57:21.752 [FXGL Background Thread 3 ] DEBUG Engine               - devShowPositionProperty: BooleanProperty [value: false]
00:57:21.752 [FXGL Background Thread 3 ] DEBUG Engine               - enabledMenuItems: []
00:57:21.752 [FXGL Background Thread 3 ] DEBUG Engine               - engineServices: [class com.almasb.fxgl.app.services.FXGLAssetLoaderService, class com.almasb.fxgl.app.FXGLApplication$GameApplicationService, class com.almasb.fxgl.app.services.FXGLDialogService, class com.almasb.fxgl.app.services.IOTaskExecutorService, class com.almasb.fxgl.io.FileSystemService, class com.almasb.fxgl.localization.LocalizationService, class com.almasb.fxgl.app.services.SystemBundleService, class com.almasb.fxgl.profile.SaveLoadService, class com.almasb.fxgl.ui.FXGLUIFactoryServiceProvider, class com.almasb.fxgl.ui.FXGLDialogFactoryServiceProvider, class com.almasb.fxgl.audio.AudioPlayer, class com.almasb.fxgl.notification.impl.NotificationServiceProvider, class com.almasb.fxgl.achievement.AchievementService, class com.almasb.fxgl.cutscene.CutsceneService, class com.almasb.fxgl.minigames.MiniGameService, class com.almasb.fxgl.net.NetService, class com.almasb.fxgl.app.services.UpdaterService, class com.almasb.fxgl.dev.DevService]
00:57:21.752 [FXGL Background Thread 3 ] DEBUG Engine               - fontGame: Abel-Regular.ttf
00:57:21.753 [FXGL Background Thread 3 ] DEBUG Engine               - fontMono: TerminalLandMono-Regular.otf
00:57:21.753 [FXGL Background Thread 3 ] DEBUG Engine               - fontSizeScaleUI: 1.0
00:57:21.753 [FXGL Background Thread 3 ] DEBUG Engine               - fontText: Courier-Prime.ttf
00:57:21.753 [FXGL Background Thread 3 ] DEBUG Engine               - fontUI: VarelaRound-Regular.ttf
00:57:21.753 [FXGL Background Thread 3 ] DEBUG Engine               - fullScreen: BooleanProperty [value: false]
00:57:21.753 [FXGL Background Thread 3 ] DEBUG Engine               - gameDifficulty: MEDIUM
00:57:21.754 [FXGL Background Thread 3 ] DEBUG Engine               - gameDifficultyProperty: ObjectProperty [value: MEDIUM]
00:57:21.754 [FXGL Background Thread 3 ] DEBUG Engine               - globalMusicVolume: 0.5
00:57:21.754 [FXGL Background Thread 3 ] DEBUG Engine               - globalMusicVolumeProperty: DoubleProperty [value: 0.5]
00:57:21.754 [FXGL Background Thread 3 ] DEBUG Engine               - globalSoundVolume: 0.5
00:57:21.754 [FXGL Background Thread 3 ] DEBUG Engine               - globalSoundVolumeProperty: DoubleProperty [value: 0.5]
00:57:21.755 [FXGL Background Thread 3 ] DEBUG Engine               - height: 600
00:57:21.755 [FXGL Background Thread 3 ] DEBUG Engine               - is3D: false
00:57:21.755 [FXGL Background Thread 3 ] DEBUG Engine               - isAndroid: false
00:57:21.755 [FXGL Background Thread 3 ] DEBUG Engine               - isBrowser: false
00:57:21.755 [FXGL Background Thread 3 ] DEBUG Engine               - isClickFeedbackEnabled: false
00:57:21.755 [FXGL Background Thread 3 ] DEBUG Engine               - isCloseConfirmation: false
00:57:21.755 [FXGL Background Thread 3 ] DEBUG Engine               - isDesktop: true
00:57:21.755 [FXGL Background Thread 3 ] DEBUG Engine               - isDeveloperMenuEnabled: false
00:57:21.755 [FXGL Background Thread 3 ] DEBUG Engine               - isEmbedded: false
00:57:21.755 [FXGL Background Thread 3 ] DEBUG Engine               - isEntityPreloadEnabled: true
00:57:21.756 [FXGL Background Thread 3 ] DEBUG Engine               - isExperimentalTiledLargeMap: false
00:57:21.756 [FXGL Background Thread 3 ] DEBUG Engine               - isFileSystemWriteAllowed: true
00:57:21.756 [FXGL Background Thread 3 ] DEBUG Engine               - isFullScreenAllowed: false
00:57:21.756 [FXGL Background Thread 3 ] DEBUG Engine               - isFullScreenFromStart: false
00:57:21.756 [FXGL Background Thread 3 ] DEBUG Engine               - isGameMenuEnabled: true
00:57:21.757 [FXGL Background Thread 3 ] DEBUG Engine               - isIOS: false
00:57:21.757 [FXGL Background Thread 3 ] DEBUG Engine               - isIntroEnabled: false
00:57:21.758 [FXGL Background Thread 3 ] DEBUG Engine               - isLinux: false
00:57:21.758 [FXGL Background Thread 3 ] DEBUG Engine               - isMac: false
00:57:21.758 [FXGL Background Thread 3 ] DEBUG Engine               - isMainMenuEnabled: false
00:57:21.758 [FXGL Background Thread 3 ] DEBUG Engine               - isManualResizeEnabled: false
00:57:21.758 [FXGL Background Thread 3 ] DEBUG Engine               - isMobile: false
00:57:21.759 [FXGL Background Thread 3 ] DEBUG Engine               - isNative: false
00:57:21.759 [FXGL Background Thread 3 ] DEBUG Engine               - isPauseMusicWhenMinimized: true
00:57:21.759 [FXGL Background Thread 3 ] DEBUG Engine               - isPreserveResizeRatio: false
00:57:21.759 [FXGL Background Thread 3 ] DEBUG Engine               - isProfilingEnabled: false
00:57:21.759 [FXGL Background Thread 3 ] DEBUG Engine               - isScaleAffectedOnResize: true
00:57:21.759 [FXGL Background Thread 3 ] DEBUG Engine               - isSingleStep: false
00:57:21.759 [FXGL Background Thread 3 ] DEBUG Engine               - isUserProfileEnabled: false
00:57:21.759 [FXGL Background Thread 3 ] DEBUG Engine               - isWindows: true
00:57:21.759 [FXGL Background Thread 3 ] DEBUG Engine               - language: ObjectProperty [value: ENGLISH]
00:57:21.759 [FXGL Background Thread 3 ] DEBUG Engine               - menuKey: ESCAPE
00:57:21.759 [FXGL Background Thread 3 ] DEBUG Engine               - mouseSensitivity: 0.2
00:57:21.760 [FXGL Background Thread 3 ] DEBUG Engine               - notificationViewClass: class com.almasb.fxgl.notification.view.XboxNotificationView
00:57:21.760 [FXGL Background Thread 3 ] DEBUG Engine               - pixelsPerMeter: 50.0
00:57:21.760 [FXGL Background Thread 3 ] DEBUG Engine               - platform: WINDOWS
00:57:21.760 [FXGL Background Thread 3 ] DEBUG Engine               - prefHeightProperty: ReadOnlyDoubleProperty [value: 600.0]
00:57:21.760 [FXGL Background Thread 3 ] DEBUG Engine               - prefWidthProperty: ReadOnlyDoubleProperty [value: 600.0]
00:57:21.760 [FXGL Background Thread 3 ] DEBUG Engine               - profileDir: profiles/
00:57:21.760 [FXGL Background Thread 3 ] DEBUG Engine               - profileName: StringProperty [value: DEFAULT]
00:57:21.760 [FXGL Background Thread 3 ] DEBUG Engine               - randomSeed: -1
00:57:21.761 [FXGL Background Thread 3 ] DEBUG Engine               - runtimeInfo: RuntimeInfo(platform=WINDOWS, version=17.3, build=30.03.2023 11.49)
00:57:21.761 [FXGL Background Thread 3 ] DEBUG Engine               - saveFileExt: sav
00:57:21.761 [FXGL Background Thread 3 ] DEBUG Engine               - scaledHeightProp$fxgl: DoubleProperty [bound, value: 600.0]
00:57:21.761 [FXGL Background Thread 3 ] DEBUG Engine               - scaledWidthProp$fxgl: DoubleProperty [bound, value: 600.0]
00:57:21.762 [FXGL Background Thread 3 ] DEBUG Engine               - sceneFactory: com.almasb.fxgl.app.scene.SceneFactory@3d9f2069
00:57:21.762 [FXGL Background Thread 3 ] DEBUG Engine               - secondsIn24h: 60
00:57:21.762 [FXGL Background Thread 3 ] DEBUG Engine               - soundMenuBack: menu/back.wav
00:57:21.762 [FXGL Background Thread 3 ] DEBUG Engine               - soundMenuPress: menu/press.wav
00:57:21.762 [FXGL Background Thread 3 ] DEBUG Engine               - soundMenuSelect: menu/select.wav
00:57:21.762 [FXGL Background Thread 3 ] DEBUG Engine               - soundNotification: core/notification.wav
00:57:21.762 [FXGL Background Thread 3 ] DEBUG Engine               - stageStyle: DECORATED
00:57:21.762 [FXGL Background Thread 3 ] DEBUG Engine               - supportedLanguages: [ENGLISH, FRENCH, GERMAN, HUNGARIAN, RUSSIAN]
00:57:21.762 [FXGL Background Thread 3 ] DEBUG Engine               - ticksPerSecond: -1
00:57:21.762 [FXGL Background Thread 3 ] DEBUG Engine               - title: Snake
00:57:21.762 [FXGL Background Thread 3 ] DEBUG Engine               - urlGithub: https://github.com/AlmasB/FXGL
00:57:21.762 [FXGL Background Thread 3 ] DEBUG Engine               - urlLeaderboard: http://fxgl-top.herokuapp.com/
00:57:21.762 [FXGL Background Thread 3 ] DEBUG Engine               - urlPOM: https://raw.githubusercontent.com/AlmasB/FXGL/release/README.md
00:57:21.762 [FXGL Background Thread 3 ] DEBUG Engine               - userAppClass: class org.example.Application
00:57:21.762 [FXGL Background Thread 3 ] DEBUG Engine               - version: 1.0
00:57:21.763 [FXGL Background Thread 3 ] DEBUG Engine               - versionCheckDays: 7
00:57:21.763 [FXGL Background Thread 3 ] DEBUG Engine               - width: 600
00:57:21.763 [FXGL Background Thread 3 ] DEBUG Engine               - Logging services
00:57:21.763 [FXGL Background Thread 3 ] DEBUG Engine               - class com.almasb.fxgl.app.services.FXGLAssetLoaderService
00:57:21.763 [FXGL Background Thread 3 ] DEBUG Engine               - class com.almasb.fxgl.app.FXGLApplication$GameApplicationService
00:57:21.763 [FXGL Background Thread 3 ] DEBUG Engine               - class com.almasb.fxgl.app.services.FXGLDialogService
00:57:21.763 [FXGL Background Thread 3 ] DEBUG Engine               - class com.almasb.fxgl.app.services.IOTaskExecutorService
00:57:21.763 [FXGL Background Thread 3 ] DEBUG Engine               - class com.almasb.fxgl.io.FileSystemService
00:57:21.763 [FXGL Background Thread 3 ] DEBUG Engine               - class com.almasb.fxgl.localization.LocalizationService
00:57:21.763 [FXGL Background Thread 3 ] DEBUG Engine               - class com.almasb.fxgl.app.services.SystemBundleService
00:57:21.764 [FXGL Background Thread 3 ] DEBUG Engine               - class com.almasb.fxgl.profile.SaveLoadService
00:57:21.764 [FXGL Background Thread 3 ] DEBUG Engine               - class com.almasb.fxgl.ui.FXGLUIFactoryServiceProvider
00:57:21.764 [FXGL Background Thread 3 ] DEBUG Engine               - class com.almasb.fxgl.ui.FXGLDialogFactoryServiceProvider
00:57:21.764 [FXGL Background Thread 3 ] DEBUG Engine               - class com.almasb.fxgl.audio.AudioPlayer
00:57:21.764 [FXGL Background Thread 3 ] DEBUG Engine               - class com.almasb.fxgl.notification.impl.NotificationServiceProvider
00:57:21.764 [FXGL Background Thread 3 ] DEBUG Engine               - class com.almasb.fxgl.achievement.AchievementService
00:57:21.764 [FXGL Background Thread 3 ] DEBUG Engine               - class com.almasb.fxgl.cutscene.CutsceneService
00:57:21.764 [FXGL Background Thread 3 ] DEBUG Engine               - class com.almasb.fxgl.minigames.MiniGameService
00:57:21.764 [FXGL Background Thread 3 ] DEBUG Engine               - class com.almasb.fxgl.net.NetService
00:57:21.764 [FXGL Background Thread 3 ] DEBUG Engine               - class com.almasb.fxgl.app.services.UpdaterService
00:57:21.764 [FXGL Background Thread 3 ] DEBUG Engine               - class com.almasb.fxgl.dev.DevService
00:57:23.834 [JavaFX Application Thread] DEBUG FXGLAssetLoaderServi - Loading from file system: file:/C:/java_games_snake/snake/target/classes/assets/textures/apple.png
00:57:23.857 [JavaFX Application Thread] DEBUG FXGLAssetLoaderServi - Loading from file system: file:/C:/java_games_snake/snake/target/classes/assets/textures/cactus.png
00:57:30.695 [JavaFX Application Thread] DEBUG FXGLApplication      - Exiting FXGL
00:57:30.695 [JavaFX Application Thread] DEBUG LoopRunner           - Stopping loop
00:57:30.695 [JavaFX Application Thread] DEBUG SystemBundleService  - Saving FXGL system data
00:57:30.699 [JavaFX Application Thread] DEBUG FileSystemAccess     - Writing to: C:\java_games_snake\system\fxgl.bundle
00:57:30.702 [JavaFX Application Thread] DEBUG Async                - Shutting down background threads
00:57:30.703 [JavaFX Application Thread] DEBUG PrimaryStageWindow   - Closing main window
00:57:30.722 [JavaFX Application Thread] DEBUG Logger               - Closing Logger
