00:58:57.720 [main                     ] DEBUG Logger               - Configured Logger
00:58:57.780 [main                     ] DEBUG GameApplication      - Logging settings
Title: Snake
Version: 1.0
Width: 600
Height: 600
Fullscreen: false
Intro: false
Profiling: false
Single step:false
App Mode: DEVELOPER
Menu Key: ESCAPE
Stage Style: DECORATED
Scene Factory: class com.almasb.fxgl.app.scene.SceneFactory

00:58:58.480 [JavaFX Application Thread] DEBUG FXGLApplication      - Initializing FXGL
00:58:58.491 [JavaFX Application Thread] INFO  Engine               - FXGL-17.3 (30.03.2023 11.49) on WINDOWS (J:17.0.9 FX:17)
00:58:58.492 [JavaFX Application Thread] DEBUG Engine               - JRE Vendor Name: Oracle Corporation
00:58:58.492 [JavaFX Application Thread] DEBUG Engine               - Running on OS: Windows 10 version 10.0
00:58:58.493 [JavaFX Application Thread] DEBUG Engine               - Architecture: amd64
00:58:58.493 [JavaFX Application Thread] INFO  Engine               - Source code and latest versions at: https://github.com/AlmasB/FXGL
00:58:58.493 [JavaFX Application Thread] INFO  Engine               -       Ask questions and discuss at: https://github.com/AlmasB/FXGL/discussions
00:58:58.493 [JavaFX Application Thread] INFO  Engine               -              Join the FXGL chat at: https://gitter.im/AlmasB/FXGL
00:58:58.720 [JavaFX Application Thread] DEBUG PrimaryStageWindow   - Creating a JavaFX scene
00:58:58.809 [JavaFX Application Thread] DEBUG PrimaryStageWindow   - Target settings size: 600.0 x 600.0
00:58:58.809 [JavaFX Application Thread] DEBUG PrimaryStageWindow   - Scaled scene size:    600.0 x 600.0
00:58:58.809 [JavaFX Application Thread] DEBUG PrimaryStageWindow   - Scaled ratio: (1.0, 1.0)
00:58:58.811 [JavaFX Application Thread] DEBUG PrimaryStageWindow   - Set initial scene to FXGLStartupScene
00:58:58.824 [JavaFX Application Thread] DEBUG PrimaryStageWindow   - Opening main window
00:58:58.967 [JavaFX Application Thread] DEBUG PrimaryStageWindow   - Window border size: (14.66668701171875, 37.33331298828125)
00:58:58.967 [JavaFX Application Thread] DEBUG PrimaryStageWindow   - Scaled size: 600.0 x 600.0
00:58:58.968 [JavaFX Application Thread] DEBUG PrimaryStageWindow   - Scaled ratio: (1.0, 1.0)
00:58:58.968 [JavaFX Application Thread] DEBUG PrimaryStageWindow   - Scene size: 600.0 x 600.0
00:58:58.968 [JavaFX Application Thread] DEBUG PrimaryStageWindow   - Stage size: 614.6666870117188 x 637.3333129882812
00:58:58.982 [FXGL Background Thread 1 ] DEBUG Engine               - Initializing environment variables
00:58:59.051 [FXGL Background Thread 1 ] DEBUG FXGLAssetLoaderServi - User app class for loading assets: class org.example.Application
00:58:59.051 [FXGL Background Thread 1 ] DEBUG GameApplicationServi - Applying CSS: fxgl_dark.css
00:58:59.053 [FXGL Background Thread 1 ] DEBUG FXGLAssetLoaderServi - Loading from file system: jar:file:/C:/Users/%d0%9f%d0%9a/.m2/repository/com/github/almasb/fxgl/17.3/fxgl-17.3.jar!/fxglassets/ui/css/fxgl_dark.css
00:58:59.130 [FXGL Background Thread 1 ] DEBUG GameApplicationServi - Initializing application scenes
00:58:59.203 [FXGL Background Thread 1 ] DEBUG GameWorld            - Game world initialized
00:58:59.297 [FXGL Background Thread 1 ] DEBUG PhysicsWorld         - Physics world initialized: appHeight=600, physics.ppm=50,0
00:58:59.297 [FXGL Background Thread 1 ] DEBUG PhysicsWorld         - Using strategy: BRUTE_FORCE
00:58:59.305 [FXGL Background Thread 1 ] DEBUG GameScene            - Game scene initialized: 600x600
00:58:59.330 [FXGL Background Thread 1 ] WARN  FXGL.DefaultMenu     - FXGLDefaultMenu is not designed for resolutions < 800x600
00:58:59.331 [FXGL Background Thread 1 ] DEBUG FXGL.DefaultMenu     - createMenuBodyGameMenu()
00:58:59.369 [FXGL Background Thread 1 ] DEBUG FXGL.DefaultMenu     - createOptionsMenu()
00:58:59.387 [FXGL Background Thread 1 ] DEBUG FXGLAssetLoaderServi - Loading from file system: jar:file:/C:/Users/%d0%9f%d0%9a/.m2/repository/com/github/almasb/fxgl/17.3/fxgl-17.3.jar!/fxglassets/textures/particles/smoke.png
00:58:59.562 [FXGL Background Thread 1 ] DEBUG FXGLAssetLoaderServi - Loading from file system: jar:file:/C:/Users/%d0%9f%d0%9a/.m2/repository/com/github/almasb/fxgl/17.3/fxgl-17.3.jar!/fxglassets/textures/particles/trace_horizontal.png
00:58:59.620 [FXGL Background Thread 1 ] DEBUG GameApplicationServi - Application scenes initialized
00:58:59.642 [FXGL Background Thread 1 ] DEBUG SystemBundleService  - Loading FXGL system data
00:58:59.651 [FXGL Background Thread 1 ] DEBUG FileSystemAccess     - Reading from: C:\java_games_snake\system\fxgl.bundle
00:58:59.663 [FXGL Background Thread 1 ] DEBUG SystemBundleService  - Bundle FXGL: {}
00:58:59.664 [FXGL Background Thread 1 ] DEBUG UpdaterService       - Checking for updates
00:58:59.670 [FXGL Background Thread 4 ] DEBUG FXGLApplication      - Loading fonts
00:58:59.671 [FXGL Background Thread 4 ] DEBUG FXGLAssetLoaderServi - Loading from file system: jar:file:/C:/Users/%d0%9f%d0%9a/.m2/repository/com/github/almasb/fxgl/17.3/fxgl-17.3.jar!/fxglassets/ui/fonts/VarelaRound-Regular.ttf
00:58:59.671 [FXGL Background Thread 1 ] DEBUG FXGLApplication      - Loading default localization
00:58:59.673 [FXGL Background Thread 1 ] DEBUG FXGLAssetLoaderServi - Loading from file system: jar:file:/C:/Users/%d0%9f%d0%9a/.m2/repository/com/github/almasb/fxgl/17.3/fxgl-17.3.jar!/fxglassets/languages/english.lang
00:58:59.742 [FXGL Background Thread 1 ] INFO  FXGLApplication      - FXGL initialization took: 0,760 sec
00:58:59.785 [FXGL Background Thread 4 ] DEBUG FXGLAssetLoaderServi - Loading from file system: jar:file:/C:/Users/%d0%9f%d0%9a/.m2/repository/com/github/almasb/fxgl/17.3/fxgl-17.3.jar!/fxglassets/ui/fonts/Abel-Regular.ttf
00:58:59.789 [JavaFX Application Thread] DEBUG Input                - Registered new binding: action0 - Right
00:58:59.791 [JavaFX Application Thread] DEBUG Input                - Registered new binding: action1 - Left
00:58:59.791 [FXGL Background Thread 4 ] DEBUG FXGLAssetLoaderServi - Loading from file system: jar:file:/C:/Users/%d0%9f%d0%9a/.m2/repository/com/github/almasb/fxgl/17.3/fxgl-17.3.jar!/fxglassets/ui/fonts/TerminalLandMono-Regular.otf
00:58:59.793 [JavaFX Application Thread] DEBUG Input                - Registered new binding: action2 - Up
00:58:59.795 [JavaFX Application Thread] DEBUG Input                - Registered new binding: action3 - Down
00:58:59.796 [JavaFX Application Thread] DEBUG FXGLAssetLoaderServi - Loading from file system: jar:file:/C:/Users/%d0%9f%d0%9a/.m2/repository/com/github/almasb/fxgl/17.3/fxgl-17.3.jar!/fxglassets/textures/fxgl_icon.png
00:58:59.798 [FXGL Background Thread 4 ] DEBUG FXGLAssetLoaderServi - Loading from file system: jar:file:/C:/Users/%d0%9f%d0%9a/.m2/repository/com/github/almasb/fxgl/17.3/fxgl-17.3.jar!/fxglassets/ui/fonts/Courier-Prime.ttf
00:58:59.847 [JavaFX Application Thread] DEBUG FXGLAssetLoaderServi - Loading from file system: jar:file:/C:/Users/%d0%9f%d0%9a/.m2/repository/com/github/almasb/fxgl/17.3/fxgl-17.3.jar!/fxglassets/textures/fxgl_default_cursor.png
00:58:59.859 [JavaFX Application Thread] DEBUG Input                - Registered new binding: Screenshot - CTRL+8
00:58:59.861 [JavaFX Application Thread] DEBUG Input                - Registered new binding: System info dump - CTRL+9
00:58:59.864 [JavaFX Application Thread] DEBUG Input                - Registered new binding: Restart - CTRL+R
00:58:59.867 [JavaFX Application Thread] DEBUG Input                - Registered new binding: Toggle Debug Camera - CTRL+7
00:58:59.878 [JavaFX Application Thread] DEBUG LoopRunner           - Starting loop
00:58:59.879 [JavaFX Application Thread] DEBUG LoopRunner           - Initializing JavaFX AnimationTimerLoop
00:58:59.884 [JavaFX Application Thread] DEBUG GameApplicationServi - Starting new game
00:58:59.885 [JavaFX Application Thread] DEBUG Input                - Clearing active input actions
00:58:59.913 [JavaFX Application Thread] DEBUG GameApplicationServi - Removing overlay from FXGLStartupScene and adding to FXGLLoadingScene
00:58:59.914 [JavaFX Application Thread] DEBUG PrimaryStageWindow   - FXGLStartupScene -> FXGLLoadingScene
00:58:59.914 [JavaFX Application Thread] DEBUG GameApplicationServi - Clearing previous game
00:58:59.915 [JavaFX Application Thread] DEBUG GameScene            - Clearing game scene
00:58:59.915 [JavaFX Application Thread] DEBUG GameWorld            - Clearing game world
00:58:59.915 [JavaFX Application Thread] DEBUG PhysicsWorld         - Clearing physics world
00:58:59.920 [JavaFX Application Thread] DEBUG FXGLApplication      - Registering font factories with UI factory
00:58:59.920 [FXGL Background Thread 4 ] DEBUG FXGLApplication      - Initializing game
00:58:59.925 [FXGL Background Thread 4 ] DEBUG FXGLAssetLoaderServi - Loading from file system: file:/C:/java_games_snake/snake/target/classes/assets/textures/grass.png
00:59:00.079 [FXGL Background Thread 4 ] DEBUG FXGLAssetLoaderServi - Loading from file system: file:/C:/java_games_snake/snake/target/classes/assets/music/snake.mp3
00:59:00.393 [FXGL Background Thread 4 ] DEBUG AudioPlayer          - Playing music com.almasb.fxgl.audio.Music@4f40e632
00:59:00.412 [FXGL Background Thread 4 ] INFO  FXGLApplication      - Game initialization took: 0,492 sec
00:59:00.415 [JavaFX Application Thread] DEBUG Input                - Clearing active input actions
00:59:00.428 [JavaFX Application Thread] DEBUG GameApplicationServi - Removing overlay from FXGLLoadingScene and adding to GameScene
00:59:00.429 [JavaFX Application Thread] DEBUG PrimaryStageWindow   - FXGLLoadingScene -> GameScene
00:59:00.667 [FXGL Background Thread 2 ] INFO  UpdaterService       - Your current version:  17.3
00:59:00.667 [FXGL Background Thread 2 ] INFO  UpdaterService       - Latest stable version: 25
00:59:02.670 [FXGL Background Thread 3 ] DEBUG Engine               - Logging environment variables
00:59:02.670 [FXGL Background Thread 3 ] DEBUG Engine               - achievements: []
00:59:02.670 [FXGL Background Thread 3 ] DEBUG Engine               - actualHeight: 600.0
00:59:02.672 [FXGL Background Thread 3 ] DEBUG Engine               - actualHeightProperty: ReadOnlyDoubleProperty [value: 600.0]
00:59:02.672 [FXGL Background Thread 3 ] DEBUG Engine               - actualWidth: 600.0
00:59:02.673 [FXGL Background Thread 3 ] DEBUG Engine               - actualWidthProperty: ReadOnlyDoubleProperty [value: 600.0]
00:59:02.673 [FXGL Background Thread 3 ] DEBUG Engine               - appIcon: fxgl_icon.png
00:59:02.673 [FXGL Background Thread 3 ] DEBUG Engine               - applicationMode: DEVELOPER
00:59:02.673 [FXGL Background Thread 3 ] DEBUG Engine               - cSSList: [fxgl_dark.css]
00:59:02.673 [FXGL Background Thread 3 ] DEBUG Engine               - collisionDetectionStrategy: BRUTE_FORCE
00:59:02.674 [FXGL Background Thread 3 ] DEBUG Engine               - configClass: Optional.empty
00:59:02.674 [FXGL Background Thread 3 ] DEBUG Engine               - credits: []
00:59:02.675 [FXGL Background Thread 3 ] DEBUG Engine               - defaultCursor: CursorInfo(imageName=fxgl_default_cursor.png, hotspotX=7.0, hotspotY=6.0)
00:59:02.676 [FXGL Background Thread 3 ] DEBUG Engine               - devBBoxColorProperty: ObjectProperty [value: 0xff0000ff]
00:59:02.676 [FXGL Background Thread 3 ] DEBUG Engine               - devEnableDebugCameraProperty: BooleanProperty [value: false]
00:59:02.676 [FXGL Background Thread 3 ] DEBUG Engine               - devSensorColorProperty: ObjectProperty [value: 0xffff00ff]
00:59:02.676 [FXGL Background Thread 3 ] DEBUG Engine               - devShowBBoxProperty: BooleanProperty [value: false]
00:59:02.676 [FXGL Background Thread 3 ] DEBUG Engine               - devShowPositionProperty: BooleanProperty [value: false]
00:59:02.677 [FXGL Background Thread 3 ] DEBUG Engine               - enabledMenuItems: []
00:59:02.677 [FXGL Background Thread 3 ] DEBUG Engine               - engineServices: [class com.almasb.fxgl.app.services.FXGLAssetLoaderService, class com.almasb.fxgl.app.FXGLApplication$GameApplicationService, class com.almasb.fxgl.app.services.FXGLDialogService, class com.almasb.fxgl.app.services.IOTaskExecutorService, class com.almasb.fxgl.io.FileSystemService, class com.almasb.fxgl.localization.LocalizationService, class com.almasb.fxgl.app.services.SystemBundleService, class com.almasb.fxgl.profile.SaveLoadService, class com.almasb.fxgl.ui.FXGLUIFactoryServiceProvider, class com.almasb.fxgl.ui.FXGLDialogFactoryServiceProvider, class com.almasb.fxgl.audio.AudioPlayer, class com.almasb.fxgl.notification.impl.NotificationServiceProvider, class com.almasb.fxgl.achievement.AchievementService, class com.almasb.fxgl.cutscene.CutsceneService, class com.almasb.fxgl.minigames.MiniGameService, class com.almasb.fxgl.net.NetService, class com.almasb.fxgl.app.services.UpdaterService, class com.almasb.fxgl.dev.DevService]
00:59:02.677 [FXGL Background Thread 3 ] DEBUG Engine               - fontGame: Abel-Regular.ttf
00:59:02.677 [FXGL Background Thread 3 ] DEBUG Engine               - fontMono: TerminalLandMono-Regular.otf
00:59:02.677 [FXGL Background Thread 3 ] DEBUG Engine               - fontSizeScaleUI: 1.0
00:59:02.677 [FXGL Background Thread 3 ] DEBUG Engine               - fontText: Courier-Prime.ttf
00:59:02.678 [FXGL Background Thread 3 ] DEBUG Engine               - fontUI: VarelaRound-Regular.ttf
00:59:02.678 [FXGL Background Thread 3 ] DEBUG Engine               - fullScreen: BooleanProperty [value: false]
00:59:02.678 [FXGL Background Thread 3 ] DEBUG Engine               - gameDifficulty: MEDIUM
00:59:02.678 [FXGL Background Thread 3 ] DEBUG Engine               - gameDifficultyProperty: ObjectProperty [value: MEDIUM]
00:59:02.678 [FXGL Background Thread 3 ] DEBUG Engine               - globalMusicVolume: 0.5
00:59:02.678 [FXGL Background Thread 3 ] DEBUG Engine               - globalMusicVolumeProperty: DoubleProperty [value: 0.5]
00:59:02.679 [FXGL Background Thread 3 ] DEBUG Engine               - globalSoundVolume: 0.5
00:59:02.679 [FXGL Background Thread 3 ] DEBUG Engine               - globalSoundVolumeProperty: DoubleProperty [value: 0.5]
00:59:02.679 [FXGL Background Thread 3 ] DEBUG Engine               - height: 600
00:59:02.679 [FXGL Background Thread 3 ] DEBUG Engine               - is3D: false
00:59:02.679 [FXGL Background Thread 3 ] DEBUG Engine               - isAndroid: false
00:59:02.679 [FXGL Background Thread 3 ] DEBUG Engine               - isBrowser: false
00:59:02.679 [FXGL Background Thread 3 ] DEBUG Engine               - isClickFeedbackEnabled: false
00:59:02.679 [FXGL Background Thread 3 ] DEBUG Engine               - isCloseConfirmation: false
00:59:02.679 [FXGL Background Thread 3 ] DEBUG Engine               - isDesktop: true
00:59:02.680 [FXGL Background Thread 3 ] DEBUG Engine               - isDeveloperMenuEnabled: false
00:59:02.680 [FXGL Background Thread 3 ] DEBUG Engine               - isEmbedded: false
00:59:02.680 [FXGL Background Thread 3 ] DEBUG Engine               - isEntityPreloadEnabled: true
00:59:02.680 [FXGL Background Thread 3 ] DEBUG Engine               - isExperimentalTiledLargeMap: false
00:59:02.680 [FXGL Background Thread 3 ] DEBUG Engine               - isFileSystemWriteAllowed: true
00:59:02.680 [FXGL Background Thread 3 ] DEBUG Engine               - isFullScreenAllowed: false
00:59:02.681 [FXGL Background Thread 3 ] DEBUG Engine               - isFullScreenFromStart: false
00:59:02.681 [FXGL Background Thread 3 ] DEBUG Engine               - isGameMenuEnabled: true
00:59:02.681 [FXGL Background Thread 3 ] DEBUG Engine               - isIOS: false
00:59:02.681 [FXGL Background Thread 3 ] DEBUG Engine               - isIntroEnabled: false
00:59:02.681 [FXGL Background Thread 3 ] DEBUG Engine               - isLinux: false
00:59:02.682 [FXGL Background Thread 3 ] DEBUG Engine               - isMac: false
00:59:02.682 [FXGL Background Thread 3 ] DEBUG Engine               - isMainMenuEnabled: false
00:59:02.682 [FXGL Background Thread 3 ] DEBUG Engine               - isManualResizeEnabled: false
00:59:02.682 [FXGL Background Thread 3 ] DEBUG Engine               - isMobile: false
00:59:02.683 [FXGL Background Thread 3 ] DEBUG Engine               - isNative: false
00:59:02.683 [FXGL Background Thread 3 ] DEBUG Engine               - isPauseMusicWhenMinimized: true
00:59:02.683 [FXGL Background Thread 3 ] DEBUG Engine               - isPreserveResizeRatio: false
00:59:02.683 [FXGL Background Thread 3 ] DEBUG Engine               - isProfilingEnabled: false
00:59:02.683 [FXGL Background Thread 3 ] DEBUG Engine               - isScaleAffectedOnResize: true
00:59:02.683 [FXGL Background Thread 3 ] DEBUG Engine               - isSingleStep: false
00:59:02.683 [FXGL Background Thread 3 ] DEBUG Engine               - isUserProfileEnabled: false
00:59:02.683 [FXGL Background Thread 3 ] DEBUG Engine               - isWindows: true
00:59:02.683 [FXGL Background Thread 3 ] DEBUG Engine               - language: ObjectProperty [value: ENGLISH]
00:59:02.683 [FXGL Background Thread 3 ] DEBUG Engine               - menuKey: ESCAPE
00:59:02.684 [FXGL Background Thread 3 ] DEBUG Engine               - mouseSensitivity: 0.2
00:59:02.684 [FXGL Background Thread 3 ] DEBUG Engine               - notificationViewClass: class com.almasb.fxgl.notification.view.XboxNotificationView
00:59:02.684 [FXGL Background Thread 3 ] DEBUG Engine               - pixelsPerMeter: 50.0
00:59:02.684 [FXGL Background Thread 3 ] DEBUG Engine               - platform: WINDOWS
00:59:02.684 [FXGL Background Thread 3 ] DEBUG Engine               - prefHeightProperty: ReadOnlyDoubleProperty [value: 600.0]
00:59:02.684 [FXGL Background Thread 3 ] DEBUG Engine               - prefWidthProperty: ReadOnlyDoubleProperty [value: 600.0]
00:59:02.684 [FXGL Background Thread 3 ] DEBUG Engine               - profileDir: profiles/
00:59:02.684 [FXGL Background Thread 3 ] DEBUG Engine               - profileName: StringProperty [value: DEFAULT]
00:59:02.684 [FXGL Background Thread 3 ] DEBUG Engine               - randomSeed: -1
00:59:02.685 [FXGL Background Thread 3 ] DEBUG Engine               - runtimeInfo: RuntimeInfo(platform=WINDOWS, version=17.3, build=30.03.2023 11.49)
00:59:02.685 [FXGL Background Thread 3 ] DEBUG Engine               - saveFileExt: sav
00:59:02.685 [FXGL Background Thread 3 ] DEBUG Engine               - scaledHeightProp$fxgl: DoubleProperty [bound, value: 600.0]
00:59:02.685 [FXGL Background Thread 3 ] DEBUG Engine               - scaledWidthProp$fxgl: DoubleProperty [bound, value: 600.0]
00:59:02.685 [FXGL Background Thread 3 ] DEBUG Engine               - sceneFactory: com.almasb.fxgl.app.scene.SceneFactory@52605b7d
00:59:02.685 [FXGL Background Thread 3 ] DEBUG Engine               - secondsIn24h: 60
00:59:02.685 [FXGL Background Thread 3 ] DEBUG Engine               - soundMenuBack: menu/back.wav
00:59:02.685 [FXGL Background Thread 3 ] DEBUG Engine               - soundMenuPress: menu/press.wav
00:59:02.685 [FXGL Background Thread 3 ] DEBUG Engine               - soundMenuSelect: menu/select.wav
00:59:02.685 [FXGL Background Thread 3 ] DEBUG Engine               - soundNotification: core/notification.wav
00:59:02.686 [FXGL Background Thread 3 ] DEBUG Engine               - stageStyle: DECORATED
00:59:02.686 [FXGL Background Thread 3 ] DEBUG Engine               - supportedLanguages: [ENGLISH, FRENCH, GERMAN, HUNGARIAN, RUSSIAN]
00:59:02.686 [FXGL Background Thread 3 ] DEBUG Engine               - ticksPerSecond: -1
00:59:02.686 [FXGL Background Thread 3 ] DEBUG Engine               - title: Snake
00:59:02.686 [FXGL Background Thread 3 ] DEBUG Engine               - urlGithub: https://github.com/AlmasB/FXGL
00:59:02.686 [FXGL Background Thread 3 ] DEBUG Engine               - urlLeaderboard: http://fxgl-top.herokuapp.com/
00:59:02.686 [FXGL Background Thread 3 ] DEBUG Engine               - urlPOM: https://raw.githubusercontent.com/AlmasB/FXGL/release/README.md
00:59:02.686 [FXGL Background Thread 3 ] DEBUG Engine               - userAppClass: class org.example.Application
00:59:02.686 [FXGL Background Thread 3 ] DEBUG Engine               - version: 1.0
00:59:02.686 [FXGL Background Thread 3 ] DEBUG Engine               - versionCheckDays: 7
00:59:02.686 [FXGL Background Thread 3 ] DEBUG Engine               - width: 600
00:59:02.686 [FXGL Background Thread 3 ] DEBUG Engine               - Logging services
00:59:02.686 [FXGL Background Thread 3 ] DEBUG Engine               - class com.almasb.fxgl.app.services.FXGLAssetLoaderService
00:59:02.686 [FXGL Background Thread 3 ] DEBUG Engine               - class com.almasb.fxgl.app.FXGLApplication$GameApplicationService
00:59:02.686 [FXGL Background Thread 3 ] DEBUG Engine               - class com.almasb.fxgl.app.services.FXGLDialogService
00:59:02.686 [FXGL Background Thread 3 ] DEBUG Engine               - class com.almasb.fxgl.app.services.IOTaskExecutorService
00:59:02.687 [FXGL Background Thread 3 ] DEBUG Engine               - class com.almasb.fxgl.io.FileSystemService
00:59:02.687 [FXGL Background Thread 3 ] DEBUG Engine               - class com.almasb.fxgl.localization.LocalizationService
00:59:02.687 [FXGL Background Thread 3 ] DEBUG Engine               - class com.almasb.fxgl.app.services.SystemBundleService
00:59:02.687 [FXGL Background Thread 3 ] DEBUG Engine               - class com.almasb.fxgl.profile.SaveLoadService
00:59:02.687 [FXGL Background Thread 3 ] DEBUG Engine               - class com.almasb.fxgl.ui.FXGLUIFactoryServiceProvider
00:59:02.687 [FXGL Background Thread 3 ] DEBUG Engine               - class com.almasb.fxgl.ui.FXGLDialogFactoryServiceProvider
00:59:02.687 [FXGL Background Thread 3 ] DEBUG Engine               - class com.almasb.fxgl.audio.AudioPlayer
00:59:02.687 [FXGL Background Thread 3 ] DEBUG Engine               - class com.almasb.fxgl.notification.impl.NotificationServiceProvider
00:59:02.687 [FXGL Background Thread 3 ] DEBUG Engine               - class com.almasb.fxgl.achievement.AchievementService
00:59:02.687 [FXGL Background Thread 3 ] DEBUG Engine               - class com.almasb.fxgl.cutscene.CutsceneService
00:59:02.687 [FXGL Background Thread 3 ] DEBUG Engine               - class com.almasb.fxgl.minigames.MiniGameService
00:59:02.687 [FXGL Background Thread 3 ] DEBUG Engine               - class com.almasb.fxgl.net.NetService
00:59:02.687 [FXGL Background Thread 3 ] DEBUG Engine               - class com.almasb.fxgl.app.services.UpdaterService
00:59:02.687 [FXGL Background Thread 3 ] DEBUG Engine               - class com.almasb.fxgl.dev.DevService
00:59:04.891 [JavaFX Application Thread] DEBUG FXGLAssetLoaderServi - Loading from file system: file:/C:/java_games_snake/snake/target/classes/assets/textures/apple.png
00:59:04.915 [JavaFX Application Thread] DEBUG FXGLAssetLoaderServi - Loading from file system: file:/C:/java_games_snake/snake/target/classes/assets/textures/cactus.png
00:59:31.673 [JavaFX Application Thread] DEBUG FXGLApplication      - Exiting FXGL
00:59:31.673 [JavaFX Application Thread] DEBUG LoopRunner           - Stopping loop
00:59:31.673 [JavaFX Application Thread] DEBUG SystemBundleService  - Saving FXGL system data
00:59:31.677 [JavaFX Application Thread] DEBUG FileSystemAccess     - Writing to: C:\java_games_snake\system\fxgl.bundle
00:59:31.680 [JavaFX Application Thread] DEBUG Async                - Shutting down background threads
00:59:31.680 [JavaFX Application Thread] DEBUG PrimaryStageWindow   - Closing main window
00:59:31.709 [JavaFX Application Thread] DEBUG Logger               - Closing Logger
